Started GET "/" for 127.0.0.1 at 2018-05-21 21:14:47 -0400
  
ActiveRecord::NoDatabaseError (FATAL:  database "freeshelf_1_app_development" does not exist
):
  
activerecord (5.2.0) lib/active_record/connection_adapters/postgresql_adapter.rb:688:in `rescue in connect'
activerecord (5.2.0) lib/active_record/connection_adapters/postgresql_adapter.rb:683:in `connect'
activerecord (5.2.0) lib/active_record/connection_adapters/postgresql_adapter.rb:215:in `initialize'
activerecord (5.2.0) lib/active_record/connection_adapters/postgresql_adapter.rb:40:in `new'
activerecord (5.2.0) lib/active_record/connection_adapters/postgresql_adapter.rb:40:in `postgresql_connection'
activerecord (5.2.0) lib/active_record/connection_adapters/abstract/connection_pool.rb:809:in `new_connection'
activerecord (5.2.0) lib/active_record/connection_adapters/abstract/connection_pool.rb:853:in `checkout_new_connection'
activerecord (5.2.0) lib/active_record/connection_adapters/abstract/connection_pool.rb:832:in `try_to_checkout_new_connection'
activerecord (5.2.0) lib/active_record/connection_adapters/abstract/connection_pool.rb:793:in `acquire_connection'
activerecord (5.2.0) lib/active_record/connection_adapters/abstract/connection_pool.rb:521:in `checkout'
activerecord (5.2.0) lib/active_record/connection_adapters/abstract/connection_pool.rb:380:in `connection'
activerecord (5.2.0) lib/active_record/connection_adapters/abstract/connection_pool.rb:1008:in `retrieve_connection'
activerecord (5.2.0) lib/active_record/connection_handling.rb:118:in `retrieve_connection'
activerecord (5.2.0) lib/active_record/connection_handling.rb:90:in `connection'
activerecord (5.2.0) lib/active_record/migration.rb:554:in `call'
actionpack (5.2.0) lib/action_dispatch/middleware/callbacks.rb:28:in `block in call'
activesupport (5.2.0) lib/active_support/callbacks.rb:98:in `run_callbacks'
actionpack (5.2.0) lib/action_dispatch/middleware/callbacks.rb:26:in `call'
actionpack (5.2.0) lib/action_dispatch/middleware/executor.rb:14:in `call'
actionpack (5.2.0) lib/action_dispatch/middleware/debug_exceptions.rb:61:in `call'
web-console (3.6.2) lib/web_console/middleware.rb:135:in `call_app'
web-console (3.6.2) lib/web_console/middleware.rb:30:in `block in call'
web-console (3.6.2) lib/web_console/middleware.rb:20:in `catch'
web-console (3.6.2) lib/web_console/middleware.rb:20:in `call'
actionpack (5.2.0) lib/action_dispatch/middleware/show_exceptions.rb:33:in `call'
railties (5.2.0) lib/rails/rack/logger.rb:38:in `call_app'
railties (5.2.0) lib/rails/rack/logger.rb:26:in `block in call'
activesupport (5.2.0) lib/active_support/tagged_logging.rb:71:in `block in tagged'
activesupport (5.2.0) lib/active_support/tagged_logging.rb:28:in `tagged'
activesupport (5.2.0) lib/active_support/tagged_logging.rb:71:in `tagged'
railties (5.2.0) lib/rails/rack/logger.rb:26:in `call'
sprockets-rails (3.2.1) lib/sprockets/rails/quiet_assets.rb:13:in `call'
actionpack (5.2.0) lib/action_dispatch/middleware/remote_ip.rb:81:in `call'
actionpack (5.2.0) lib/action_dispatch/middleware/request_id.rb:27:in `call'
rack (2.0.5) lib/rack/method_override.rb:22:in `call'
rack (2.0.5) lib/rack/runtime.rb:22:in `call'
activesupport (5.2.0) lib/active_support/cache/strategy/local_cache_middleware.rb:29:in `call'
actionpack (5.2.0) lib/action_dispatch/middleware/executor.rb:14:in `call'
actionpack (5.2.0) lib/action_dispatch/middleware/static.rb:127:in `call'
rack (2.0.5) lib/rack/sendfile.rb:111:in `call'
railties (5.2.0) lib/rails/engine.rb:524:in `call'
puma (3.11.4) lib/puma/configuration.rb:225:in `call'
puma (3.11.4) lib/puma/server.rb:632:in `handle_request'
puma (3.11.4) lib/puma/server.rb:446:in `process_client'
puma (3.11.4) lib/puma/server.rb:306:in `block in run'
puma (3.11.4) lib/puma/thread_pool.rb:120:in `block in spawn_thread'
Started GET "/books" for 127.0.0.1 at 2018-05-21 21:14:50 -0400
  
ActiveRecord::NoDatabaseError (FATAL:  database "freeshelf_1_app_development" does not exist
):
  
activerecord (5.2.0) lib/active_record/connection_adapters/postgresql_adapter.rb:688:in `rescue in connect'
activerecord (5.2.0) lib/active_record/connection_adapters/postgresql_adapter.rb:683:in `connect'
activerecord (5.2.0) lib/active_record/connection_adapters/postgresql_adapter.rb:215:in `initialize'
activerecord (5.2.0) lib/active_record/connection_adapters/postgresql_adapter.rb:40:in `new'
activerecord (5.2.0) lib/active_record/connection_adapters/postgresql_adapter.rb:40:in `postgresql_connection'
activerecord (5.2.0) lib/active_record/connection_adapters/abstract/connection_pool.rb:809:in `new_connection'
activerecord (5.2.0) lib/active_record/connection_adapters/abstract/connection_pool.rb:853:in `checkout_new_connection'
activerecord (5.2.0) lib/active_record/connection_adapters/abstract/connection_pool.rb:832:in `try_to_checkout_new_connection'
activerecord (5.2.0) lib/active_record/connection_adapters/abstract/connection_pool.rb:793:in `acquire_connection'
activerecord (5.2.0) lib/active_record/connection_adapters/abstract/connection_pool.rb:521:in `checkout'
activerecord (5.2.0) lib/active_record/connection_adapters/abstract/connection_pool.rb:380:in `connection'
activerecord (5.2.0) lib/active_record/connection_adapters/abstract/connection_pool.rb:1008:in `retrieve_connection'
activerecord (5.2.0) lib/active_record/connection_handling.rb:118:in `retrieve_connection'
activerecord (5.2.0) lib/active_record/connection_handling.rb:90:in `connection'
activerecord (5.2.0) lib/active_record/migration.rb:554:in `call'
actionpack (5.2.0) lib/action_dispatch/middleware/callbacks.rb:28:in `block in call'
activesupport (5.2.0) lib/active_support/callbacks.rb:98:in `run_callbacks'
actionpack (5.2.0) lib/action_dispatch/middleware/callbacks.rb:26:in `call'
actionpack (5.2.0) lib/action_dispatch/middleware/executor.rb:14:in `call'
actionpack (5.2.0) lib/action_dispatch/middleware/debug_exceptions.rb:61:in `call'
web-console (3.6.2) lib/web_console/middleware.rb:135:in `call_app'
web-console (3.6.2) lib/web_console/middleware.rb:30:in `block in call'
web-console (3.6.2) lib/web_console/middleware.rb:20:in `catch'
web-console (3.6.2) lib/web_console/middleware.rb:20:in `call'
actionpack (5.2.0) lib/action_dispatch/middleware/show_exceptions.rb:33:in `call'
railties (5.2.0) lib/rails/rack/logger.rb:38:in `call_app'
railties (5.2.0) lib/rails/rack/logger.rb:26:in `block in call'
activesupport (5.2.0) lib/active_support/tagged_logging.rb:71:in `block in tagged'
activesupport (5.2.0) lib/active_support/tagged_logging.rb:28:in `tagged'
activesupport (5.2.0) lib/active_support/tagged_logging.rb:71:in `tagged'
railties (5.2.0) lib/rails/rack/logger.rb:26:in `call'
sprockets-rails (3.2.1) lib/sprockets/rails/quiet_assets.rb:13:in `call'
actionpack (5.2.0) lib/action_dispatch/middleware/remote_ip.rb:81:in `call'
actionpack (5.2.0) lib/action_dispatch/middleware/request_id.rb:27:in `call'
rack (2.0.5) lib/rack/method_override.rb:22:in `call'
rack (2.0.5) lib/rack/runtime.rb:22:in `call'
activesupport (5.2.0) lib/active_support/cache/strategy/local_cache_middleware.rb:29:in `call'
actionpack (5.2.0) lib/action_dispatch/middleware/executor.rb:14:in `call'
actionpack (5.2.0) lib/action_dispatch/middleware/static.rb:127:in `call'
rack (2.0.5) lib/rack/sendfile.rb:111:in `call'
railties (5.2.0) lib/rails/engine.rb:524:in `call'
puma (3.11.4) lib/puma/configuration.rb:225:in `call'
puma (3.11.4) lib/puma/server.rb:632:in `handle_request'
puma (3.11.4) lib/puma/server.rb:446:in `process_client'
puma (3.11.4) lib/puma/server.rb:306:in `block in run'
puma (3.11.4) lib/puma/thread_pool.rb:120:in `block in spawn_thread'
  [1m[35m (519.4ms)[0m  [1m[35mCREATE DATABASE "freeshelf_1_app_development" ENCODING = 'unicode'[0m
  ↳ bin/rails:9
  [1m[35m (394.9ms)[0m  [1m[35mCREATE DATABASE "freeshelf_1_app_test" ENCODING = 'unicode'[0m
  ↳ bin/rails:9
  [1m[35m (11.7ms)[0m  [1m[35mCREATE TABLE "schema_migrations" ("version" character varying NOT NULL PRIMARY KEY)[0m
  ↳ bin/rails:9
  [1m[35m (7.8ms)[0m  [1m[35mCREATE TABLE "ar_internal_metadata" ("key" character varying NOT NULL PRIMARY KEY, "value" character varying, "created_at" timestamp NOT NULL, "updated_at" timestamp NOT NULL)[0m
  ↳ bin/rails:9
  [1m[35m (0.3ms)[0m  [1m[34mSELECT pg_try_advisory_lock(5045787486572747250)[0m
  ↳ bin/rails:9
  [1m[35m (0.4ms)[0m  [1m[34mSELECT "schema_migrations"."version" FROM "schema_migrations" ORDER BY "schema_migrations"."version" ASC[0m
  ↳ bin/rails:9
Migrating to CreateBooks (20180521202017)
  [1m[35m (0.2ms)[0m  [1m[35mBEGIN[0m
  ↳ bin/rails:9
  [1m[35m (8.2ms)[0m  [1m[35mCREATE TABLE "books" ("id" bigserial primary key, "title" character varying, "description" character varying, "url" character varying, "created_at" timestamp NOT NULL, "updated_at" timestamp NOT NULL)[0m
  ↳ db/migrate/20180521202017_create_books.rb:3
  [1m[36mActiveRecord::SchemaMigration Create (0.4ms)[0m  [1m[32mINSERT INTO "schema_migrations" ("version") VALUES ($1) RETURNING "version"[0m  [["version", "20180521202017"]]
  ↳ bin/rails:9
  [1m[35m (0.5ms)[0m  [1m[35mCOMMIT[0m
  ↳ bin/rails:9
Migrating to CreateLanguages (20180521202031)
  [1m[35m (0.3ms)[0m  [1m[35mBEGIN[0m
  ↳ bin/rails:9
  [1m[35m (5.1ms)[0m  [1m[35mCREATE TABLE "languages" ("id" bigserial primary key, "created_at" timestamp NOT NULL, "updated_at" timestamp NOT NULL)[0m
  ↳ db/migrate/20180521202031_create_languages.rb:3
  [1m[36mActiveRecord::SchemaMigration Create (0.3ms)[0m  [1m[32mINSERT INTO "schema_migrations" ("version") VALUES ($1) RETURNING "version"[0m  [["version", "20180521202031"]]
  ↳ bin/rails:9
  [1m[35m (0.5ms)[0m  [1m[35mCOMMIT[0m
  ↳ bin/rails:9
Migrating to CreateAuthors (20180521202052)
  [1m[35m (0.2ms)[0m  [1m[35mBEGIN[0m
  ↳ bin/rails:9
  [1m[35m (4.7ms)[0m  [1m[35mCREATE TABLE "authors" ("id" bigserial primary key, "created_at" timestamp NOT NULL, "updated_at" timestamp NOT NULL)[0m
  ↳ db/migrate/20180521202052_create_authors.rb:3
  [1m[36mActiveRecord::SchemaMigration Create (0.3ms)[0m  [1m[32mINSERT INTO "schema_migrations" ("version") VALUES ($1) RETURNING "version"[0m  [["version", "20180521202052"]]
  ↳ bin/rails:9
  [1m[35m (0.6ms)[0m  [1m[35mCOMMIT[0m
  ↳ bin/rails:9
  [1m[36mActiveRecord::InternalMetadata Load (0.4ms)[0m  [1m[34mSELECT  "ar_internal_metadata".* FROM "ar_internal_metadata" WHERE "ar_internal_metadata"."key" = $1 LIMIT $2[0m  [["key", "environment"], ["LIMIT", 1]]
  ↳ bin/rails:9
  [1m[35m (0.2ms)[0m  [1m[35mBEGIN[0m
  ↳ bin/rails:9
  [1m[36mActiveRecord::InternalMetadata Create (0.4ms)[0m  [1m[32mINSERT INTO "ar_internal_metadata" ("key", "value", "created_at", "updated_at") VALUES ($1, $2, $3, $4) RETURNING "key"[0m  [["key", "environment"], ["value", "development"], ["created_at", "2018-05-22 01:15:16.704888"], ["updated_at", "2018-05-22 01:15:16.704888"]]
  ↳ bin/rails:9
  [1m[35m (0.4ms)[0m  [1m[35mCOMMIT[0m
  ↳ bin/rails:9
  [1m[35m (0.2ms)[0m  [1m[34mSELECT pg_advisory_unlock(5045787486572747250)[0m
  ↳ bin/rails:9
  [1m[35m (0.2ms)[0m  [1m[34mSELECT "schema_migrations"."version" FROM "schema_migrations" ORDER BY "schema_migrations"."version" ASC[0m
  ↳ bin/rails:9
Started GET "/books/new" for 127.0.0.1 at 2018-05-21 21:16:01 -0400
  
NameError (undefined local variable or method `books' for #<ActionDispatch::Routing::Mapper:0x00007fe47d2f2ba0>):
  
config/routes.rb:5:in `block in <main>'
config/routes.rb:1:in `<main>'
Started GET "/books/index/new" for 127.0.0.1 at 2018-05-21 21:16:25 -0400
  [1m[35m (0.4ms)[0m  [1m[34mSELECT "schema_migrations"."version" FROM "schema_migrations" ORDER BY "schema_migrations"."version" ASC[0m
  ↳ /Users/jacob/.rbenv/versions/2.5.0/lib/ruby/gems/2.5.0/gems/activerecord-5.2.0/lib/active_record/log_subscriber.rb:98
  
ActionController::RoutingError (No route matches [GET] "/books/index/new"):
  
actionpack (5.2.0) lib/action_dispatch/middleware/debug_exceptions.rb:65:in `call'
web-console (3.6.2) lib/web_console/middleware.rb:135:in `call_app'
web-console (3.6.2) lib/web_console/middleware.rb:30:in `block in call'
web-console (3.6.2) lib/web_console/middleware.rb:20:in `catch'
web-console (3.6.2) lib/web_console/middleware.rb:20:in `call'
actionpack (5.2.0) lib/action_dispatch/middleware/show_exceptions.rb:33:in `call'
railties (5.2.0) lib/rails/rack/logger.rb:38:in `call_app'
railties (5.2.0) lib/rails/rack/logger.rb:26:in `block in call'
activesupport (5.2.0) lib/active_support/tagged_logging.rb:71:in `block in tagged'
activesupport (5.2.0) lib/active_support/tagged_logging.rb:28:in `tagged'
activesupport (5.2.0) lib/active_support/tagged_logging.rb:71:in `tagged'
railties (5.2.0) lib/rails/rack/logger.rb:26:in `call'
sprockets-rails (3.2.1) lib/sprockets/rails/quiet_assets.rb:13:in `call'
actionpack (5.2.0) lib/action_dispatch/middleware/remote_ip.rb:81:in `call'
actionpack (5.2.0) lib/action_dispatch/middleware/request_id.rb:27:in `call'
rack (2.0.5) lib/rack/method_override.rb:22:in `call'
rack (2.0.5) lib/rack/runtime.rb:22:in `call'
activesupport (5.2.0) lib/active_support/cache/strategy/local_cache_middleware.rb:29:in `call'
actionpack (5.2.0) lib/action_dispatch/middleware/executor.rb:14:in `call'
actionpack (5.2.0) lib/action_dispatch/middleware/static.rb:127:in `call'
rack (2.0.5) lib/rack/sendfile.rb:111:in `call'
railties (5.2.0) lib/rails/engine.rb:524:in `call'
puma (3.11.4) lib/puma/configuration.rb:225:in `call'
puma (3.11.4) lib/puma/server.rb:632:in `handle_request'
puma (3.11.4) lib/puma/server.rb:446:in `process_client'
puma (3.11.4) lib/puma/server.rb:306:in `block in run'
puma (3.11.4) lib/puma/thread_pool.rb:120:in `block in spawn_thread'
Started GET "/books/index/new" for 127.0.0.1 at 2018-05-21 21:16:45 -0400
  
NameError (undefined local variable or method `books' for #<ActionDispatch::Routing::Mapper:0x00007fe47de9acc8>):
  
config/routes.rb:5:in `block in <main>'
config/routes.rb:1:in `<main>'
Started GET "/books/new" for 127.0.0.1 at 2018-05-21 21:16:54 -0400
Processing by BooksController#new as HTML
  Rendering books/new.html.erb within layouts/application
  Rendered books/new.html.erb within layouts/application (82.4ms)
Completed 500 Internal Server Error in 90ms (ActiveRecord: 0.0ms)


  
ActionView::Template::Error (undefined method `scope' for #<#<Class:0x00007fe4807aa578>:0x00007fe4807a85e8>):
    1: <h1>New Book</h1>
    2: <%= form_with scope :book, local: true do |book| %>
    3: <p>
    4:     <%= form.label :title %><br>
    5:     <%= form.text_field :title %>
  
app/views/books/new.html.erb:2:in `_app_views_books_new_html_erb___1840925380351553932_70309692398180'
Started GET "/books/new" for 127.0.0.1 at 2018-05-21 21:18:05 -0400
  
NameError (undefined local variable or method `books' for #<ActionDispatch::Routing::Mapper:0x00007fe480348048>):
  
config/routes.rb:5:in `block in <main>'
config/routes.rb:1:in `<main>'
Started GET "/books/new" for 127.0.0.1 at 2018-05-21 21:22:14 -0400
  
NameError (undefined local variable or method `books' for #<ActionDispatch::Routing::Mapper:0x00007fe47d1de3e0>):
  
config/routes.rb:5:in `block in <main>'
config/routes.rb:1:in `<main>'
Started GET "/books/new" for 127.0.0.1 at 2018-05-21 21:22:57 -0400
Processing by BooksController#new as HTML
  Rendering books/new.html.erb within layouts/application
  Rendered books/new.html.erb within layouts/application (0.8ms)
Completed 500 Internal Server Error in 9ms (ActiveRecord: 0.0ms)


  
SyntaxError (/Users/jacob/Momentum/rails-freeshelf-1-jacobfh/freeshelf_1_app/app/views/books/new.html.erb:2: syntax error, unexpected tLABEL, expecting keyword_do or '{' or '('
...e :book, url: books_path local: true do |book| @output_buffe...
...                         ^~~~~~
/Users/jacob/Momentum/rails-freeshelf-1-jacobfh/freeshelf_1_app/app/views/books/new.html.erb:25: syntax error, unexpected keyword_ensure, expecting end-of-input
          ensure
          ^~~~~~):
  
app/views/books/new.html.erb:2: syntax error, unexpected tLABEL, expecting keyword_do or '{' or '('
app/views/books/new.html.erb:25: syntax error, unexpected keyword_ensure, expecting end-of-input
Started GET "/books/index/new" for 127.0.0.1 at 2018-05-21 21:25:46 -0400
  
ActionController::RoutingError (No route matches [GET] "/books/index/new"):
  
actionpack (5.2.0) lib/action_dispatch/middleware/debug_exceptions.rb:65:in `call'
web-console (3.6.2) lib/web_console/middleware.rb:135:in `call_app'
web-console (3.6.2) lib/web_console/middleware.rb:30:in `block in call'
web-console (3.6.2) lib/web_console/middleware.rb:20:in `catch'
web-console (3.6.2) lib/web_console/middleware.rb:20:in `call'
actionpack (5.2.0) lib/action_dispatch/middleware/show_exceptions.rb:33:in `call'
railties (5.2.0) lib/rails/rack/logger.rb:38:in `call_app'
railties (5.2.0) lib/rails/rack/logger.rb:26:in `block in call'
activesupport (5.2.0) lib/active_support/tagged_logging.rb:71:in `block in tagged'
activesupport (5.2.0) lib/active_support/tagged_logging.rb:28:in `tagged'
activesupport (5.2.0) lib/active_support/tagged_logging.rb:71:in `tagged'
railties (5.2.0) lib/rails/rack/logger.rb:26:in `call'
sprockets-rails (3.2.1) lib/sprockets/rails/quiet_assets.rb:13:in `call'
actionpack (5.2.0) lib/action_dispatch/middleware/remote_ip.rb:81:in `call'
actionpack (5.2.0) lib/action_dispatch/middleware/request_id.rb:27:in `call'
rack (2.0.5) lib/rack/method_override.rb:22:in `call'
rack (2.0.5) lib/rack/runtime.rb:22:in `call'
activesupport (5.2.0) lib/active_support/cache/strategy/local_cache_middleware.rb:29:in `call'
actionpack (5.2.0) lib/action_dispatch/middleware/executor.rb:14:in `call'
actionpack (5.2.0) lib/action_dispatch/middleware/static.rb:127:in `call'
rack (2.0.5) lib/rack/sendfile.rb:111:in `call'
railties (5.2.0) lib/rails/engine.rb:524:in `call'
puma (3.11.4) lib/puma/configuration.rb:225:in `call'
puma (3.11.4) lib/puma/server.rb:632:in `handle_request'
puma (3.11.4) lib/puma/server.rb:446:in `process_client'
puma (3.11.4) lib/puma/server.rb:306:in `block in run'
puma (3.11.4) lib/puma/thread_pool.rb:120:in `block in spawn_thread'
Started GET "/books/new" for 127.0.0.1 at 2018-05-21 21:25:51 -0400
Processing by BooksController#new as HTML
  Rendering books/new.html.erb within layouts/application
  Rendered books/new.html.erb within layouts/application (0.6ms)
Completed 500 Internal Server Error in 7ms (ActiveRecord: 0.0ms)


  
SyntaxError (/Users/jacob/Momentum/rails-freeshelf-1-jacobfh/freeshelf_1_app/app/views/books/new.html.erb:2: syntax error, unexpected tLABEL, expecting keyword_do or '{' or '('
...e :book, url: books_path local: true do |book| @output_buffe...
...                         ^~~~~~
/Users/jacob/Momentum/rails-freeshelf-1-jacobfh/freeshelf_1_app/app/views/books/new.html.erb:25: syntax error, unexpected keyword_ensure, expecting end-of-input
          ensure
          ^~~~~~):
  
app/views/books/new.html.erb:2: syntax error, unexpected tLABEL, expecting keyword_do or '{' or '('
app/views/books/new.html.erb:25: syntax error, unexpected keyword_ensure, expecting end-of-input
Started GET "/books/new" for 127.0.0.1 at 2018-05-21 21:26:36 -0400
Processing by BooksController#new as HTML
  Rendering books/new.html.erb within layouts/application
  Rendered books/new.html.erb within layouts/application (0.6ms)
Completed 500 Internal Server Error in 10ms (ActiveRecord: 0.0ms)


  
SyntaxError (/Users/jacob/Momentum/rails-freeshelf-1-jacobfh/freeshelf_1_app/app/views/books/new.html.erb:2: syntax error, unexpected tLABEL, expecting keyword_do or '{' or '('
...: :book, url: books_path local: true do |book| @output_buffe...
...                         ^~~~~~
/Users/jacob/Momentum/rails-freeshelf-1-jacobfh/freeshelf_1_app/app/views/books/new.html.erb:25: syntax error, unexpected keyword_ensure, expecting end-of-input
          ensure
          ^~~~~~):
  
app/views/books/new.html.erb:2: syntax error, unexpected tLABEL, expecting keyword_do or '{' or '('
app/views/books/new.html.erb:25: syntax error, unexpected keyword_ensure, expecting end-of-input
Started GET "/books/new" for 127.0.0.1 at 2018-05-21 21:27:06 -0400
Processing by BooksController#new as HTML
  Rendering books/new.html.erb within layouts/application
  Rendered books/new.html.erb within layouts/application (30.4ms)
Completed 200 OK in 394ms (Views: 387.4ms | ActiveRecord: 0.0ms)


Started GET "/books/new" for 127.0.0.1 at 2018-05-21 21:31:55 -0400
Processing by BooksController#new as HTML
  Rendering books/new.html.erb within layouts/application
  Rendered books/new.html.erb within layouts/application (2.2ms)
Completed 200 OK in 17ms (Views: 15.4ms | ActiveRecord: 0.0ms)


Started GET "/books/index" for 127.0.0.1 at 2018-05-21 21:32:01 -0400
Processing by BooksController#index as HTML
  Rendering books/index.html.erb within layouts/application
  [1m[36mBook Load (0.4ms)[0m  [1m[34mSELECT "books".* FROM "books"[0m
  ↳ app/views/books/index.html.erb:10
  Rendered books/index.html.erb within layouts/application (3.1ms)
Completed 200 OK in 20ms (Views: 14.8ms | ActiveRecord: 1.4ms)


Started GET "/books/index" for 127.0.0.1 at 2018-05-21 21:32:40 -0400
Processing by BooksController#index as HTML
  Rendering books/index.html.erb within layouts/application
  [1m[36mBook Load (0.3ms)[0m  [1m[34mSELECT "books".* FROM "books"[0m
  ↳ app/views/books/index.html.erb:12
  Rendered books/index.html.erb within layouts/application (1.2ms)
Completed 200 OK in 19ms (Views: 16.3ms | ActiveRecord: 0.3ms)


Started GET "/books/index/new" for 127.0.0.1 at 2018-05-21 21:32:51 -0400
  
ActionController::RoutingError (No route matches [GET] "/books/index/new"):
  
actionpack (5.2.0) lib/action_dispatch/middleware/debug_exceptions.rb:65:in `call'
web-console (3.6.2) lib/web_console/middleware.rb:135:in `call_app'
web-console (3.6.2) lib/web_console/middleware.rb:30:in `block in call'
web-console (3.6.2) lib/web_console/middleware.rb:20:in `catch'
web-console (3.6.2) lib/web_console/middleware.rb:20:in `call'
actionpack (5.2.0) lib/action_dispatch/middleware/show_exceptions.rb:33:in `call'
railties (5.2.0) lib/rails/rack/logger.rb:38:in `call_app'
railties (5.2.0) lib/rails/rack/logger.rb:26:in `block in call'
activesupport (5.2.0) lib/active_support/tagged_logging.rb:71:in `block in tagged'
activesupport (5.2.0) lib/active_support/tagged_logging.rb:28:in `tagged'
activesupport (5.2.0) lib/active_support/tagged_logging.rb:71:in `tagged'
railties (5.2.0) lib/rails/rack/logger.rb:26:in `call'
sprockets-rails (3.2.1) lib/sprockets/rails/quiet_assets.rb:13:in `call'
actionpack (5.2.0) lib/action_dispatch/middleware/remote_ip.rb:81:in `call'
actionpack (5.2.0) lib/action_dispatch/middleware/request_id.rb:27:in `call'
rack (2.0.5) lib/rack/method_override.rb:22:in `call'
rack (2.0.5) lib/rack/runtime.rb:22:in `call'
activesupport (5.2.0) lib/active_support/cache/strategy/local_cache_middleware.rb:29:in `call'
actionpack (5.2.0) lib/action_dispatch/middleware/executor.rb:14:in `call'
actionpack (5.2.0) lib/action_dispatch/middleware/static.rb:127:in `call'
rack (2.0.5) lib/rack/sendfile.rb:111:in `call'
railties (5.2.0) lib/rails/engine.rb:524:in `call'
puma (3.11.4) lib/puma/configuration.rb:225:in `call'
puma (3.11.4) lib/puma/server.rb:632:in `handle_request'
puma (3.11.4) lib/puma/server.rb:446:in `process_client'
puma (3.11.4) lib/puma/server.rb:306:in `block in run'
puma (3.11.4) lib/puma/thread_pool.rb:120:in `block in spawn_thread'
Started GET "/books//new" for 127.0.0.1 at 2018-05-21 21:32:55 -0400
Processing by BooksController#new as HTML
  Rendering books/new.html.erb within layouts/application
  Rendered books/new.html.erb within layouts/application (1.3ms)
Completed 200 OK in 17ms (Views: 15.0ms | ActiveRecord: 0.0ms)


Started GET "/books//new" for 127.0.0.1 at 2018-05-21 21:36:13 -0400
  
SyntaxError (/Users/jacob/Momentum/rails-freeshelf-1-jacobfh/freeshelf_1_app/app/controllers/books_controller.rb:33: syntax error, unexpected end-of-input, expecting keyword_end):
  
app/controllers/books_controller.rb:33: syntax error, unexpected end-of-input, expecting keyword_end
Started GET "/books//new" for 127.0.0.1 at 2018-05-21 21:36:29 -0400
  
SyntaxError (/Users/jacob/Momentum/rails-freeshelf-1-jacobfh/freeshelf_1_app/app/controllers/books_controller.rb:32: syntax error, unexpected end-of-input, expecting keyword_end):
  
app/controllers/books_controller.rb:32: syntax error, unexpected end-of-input, expecting keyword_end
Started GET "/books//new" for 127.0.0.1 at 2018-05-21 21:37:02 -0400
Processing by BooksController#new as HTML
  Rendering books/new.html.erb within layouts/application
  Rendered books/new.html.erb within layouts/application (1.2ms)
Completed 200 OK in 23ms (Views: 20.3ms | ActiveRecord: 0.0ms)


Started GET "/books//new" for 127.0.0.1 at 2018-05-21 21:38:40 -0400
Processing by BooksController#new as HTML
  Rendering books/new.html.erb within layouts/application
  Rendered books/new.html.erb within layouts/application (3.3ms)
Completed 500 Internal Server Error in 12ms (ActiveRecord: 0.0ms)


  
ActionView::Template::Error (undefined method `errors' for nil:NilClass):
    2: 
    3: <%= form_with scope: :book, url: books_path, local: true do |form| %>
    4: 
    5:     <% if @book.errors.any? %>
    6:     <div id="error_explanation">
    7:       <h2>
    8:         <%= pluralize(@book.errors.count, "error") %> prohibited
  
app/views/books/new.html.erb:5:in `block in _app_views_books_new_html_erb___1840925380351553932_70309692527000'
app/views/books/new.html.erb:3:in `_app_views_books_new_html_erb___1840925380351553932_70309692527000'
Started GET "/books//new" for 127.0.0.1 at 2018-05-21 21:39:41 -0400
Processing by BooksController#new as HTML
Completed 500 Internal Server Error in 112ms (ActiveRecord: 0.0ms)


  
NameError (undefined local variable or method `book' for #<BooksController:0x00007fe4838c2160>):
  
app/controllers/books_controller.rb:8:in `new'
Started GET "/books//new" for 127.0.0.1 at 2018-05-21 21:39:58 -0400
Processing by BooksController#new as HTML
  Rendering books/new.html.erb within layouts/application
  Rendered books/new.html.erb within layouts/application (3.3ms)
Completed 200 OK in 50ms (Views: 34.8ms | ActiveRecord: 4.0ms)


Started POST "/books" for 127.0.0.1 at 2018-05-21 21:40:02 -0400
Processing by BooksController#create as HTML
  Parameters: {"utf8"=>"✓", "authenticity_token"=>"lj+3kH4nOSYmt+qm5ZonVJo6QphP2oUxtzuBtFwWfRXnng8rfkOag4TrbMO0wq7PGTIOQlVLGQvnD3IFVlhDjA==", "book"=>{"title"=>"", "author"=>"", "language"=>"", "url"=>"", "description"=>""}, "commit"=>"Save Book"}
Completed 500 Internal Server Error in 2ms (ActiveRecord: 0.0ms)


  
ActiveModel::UnknownAttributeError (unknown attribute 'author' for Book.):
  
app/controllers/books_controller.rb:12:in `create'
Started PUT "/__web_console/repl_sessions/b05218fbe023cbcfe8d9d2169438e3f0" for 127.0.0.1 at 2018-05-21 21:40:43 -0400
Started PUT "/__web_console/repl_sessions/b05218fbe023cbcfe8d9d2169438e3f0" for 127.0.0.1 at 2018-05-21 21:40:43 -0400
Started PUT "/__web_console/repl_sessions/b05218fbe023cbcfe8d9d2169438e3f0" for 127.0.0.1 at 2018-05-21 21:40:49 -0400
Started PUT "/__web_console/repl_sessions/b05218fbe023cbcfe8d9d2169438e3f0" for 127.0.0.1 at 2018-05-21 21:40:49 -0400
Started PUT "/__web_console/repl_sessions/b05218fbe023cbcfe8d9d2169438e3f0" for 127.0.0.1 at 2018-05-21 21:40:54 -0400
Started PUT "/__web_console/repl_sessions/b05218fbe023cbcfe8d9d2169438e3f0" for 127.0.0.1 at 2018-05-21 21:40:55 -0400
Started PUT "/__web_console/repl_sessions/b05218fbe023cbcfe8d9d2169438e3f0" for 127.0.0.1 at 2018-05-21 21:40:55 -0400
Started POST "/books" for 127.0.0.1 at 2018-05-21 21:41:43 -0400
Processing by BooksController#create as HTML
  Parameters: {"utf8"=>"✓", "authenticity_token"=>"lj+3kH4nOSYmt+qm5ZonVJo6QphP2oUxtzuBtFwWfRXnng8rfkOag4TrbMO0wq7PGTIOQlVLGQvnD3IFVlhDjA==", "book"=>{"title"=>"", "author"=>"", "language"=>"", "url"=>"", "description"=>""}, "commit"=>"Save Book"}
Completed 500 Internal Server Error in 1ms (ActiveRecord: 0.0ms)


  
ActiveModel::UnknownAttributeError (unknown attribute 'author' for Book.):
  
app/controllers/books_controller.rb:12:in `create'
Started POST "/books" for 127.0.0.1 at 2018-05-21 21:42:08 -0400
Processing by BooksController#create as HTML
  Parameters: {"utf8"=>"✓", "authenticity_token"=>"lj+3kH4nOSYmt+qm5ZonVJo6QphP2oUxtzuBtFwWfRXnng8rfkOag4TrbMO0wq7PGTIOQlVLGQvnD3IFVlhDjA==", "book"=>{"title"=>"", "author"=>"", "language"=>"", "url"=>"", "description"=>""}, "commit"=>"Save Book"}
Completed 500 Internal Server Error in 1ms (ActiveRecord: 0.0ms)


  
ActiveModel::UnknownAttributeError (unknown attribute 'author' for Book.):
  
app/controllers/books_controller.rb:12:in `create'
Started POST "/books" for 127.0.0.1 at 2018-05-21 21:44:51 -0400
Processing by BooksController#create as HTML
  Parameters: {"utf8"=>"✓", "authenticity_token"=>"lj+3kH4nOSYmt+qm5ZonVJo6QphP2oUxtzuBtFwWfRXnng8rfkOag4TrbMO0wq7PGTIOQlVLGQvnD3IFVlhDjA==", "book"=>{"title"=>"", "author"=>"", "language"=>"", "url"=>"", "description"=>""}, "commit"=>"Save Book"}
Completed 500 Internal Server Error in 32ms (ActiveRecord: 2.6ms)


  
ActiveModel::UnknownAttributeError (unknown attribute 'author' for Book.):
  
app/controllers/books_controller.rb:12:in `create'
Started GET "/books/new" for 127.0.0.1 at 2018-05-21 21:45:06 -0400
Processing by BooksController#new as HTML
  Rendering books/new.html.erb within layouts/application
  Rendered books/new.html.erb within layouts/application (0.7ms)
Completed 500 Internal Server Error in 8ms (ActiveRecord: 0.0ms)


  
SyntaxError (/Users/jacob/Momentum/rails-freeshelf-1-jacobfh/freeshelf_1_app/app/views/books/new.html.erb:3: syntax error, unexpected ':', expecting keyword_end
...pend=  form_with scope: :book :author :language, url: books_...
...                              ^):
  
app/views/books/new.html.erb:3: syntax error, unexpected ':', expecting keyword_end
Started GET "/books/new" for 127.0.0.1 at 2018-05-21 21:45:29 -0400
Processing by BooksController#new as HTML
  Rendering books/new.html.erb within layouts/application
  Rendered books/new.html.erb within layouts/application (22.1ms)
Completed 200 OK in 43ms (Views: 40.0ms | ActiveRecord: 0.0ms)


Started POST "/books" for 127.0.0.1 at 2018-05-21 21:45:33 -0400
Processing by BooksController#create as HTML
  Parameters: {"utf8"=>"✓", "authenticity_token"=>"VNpdGP9VfqMAWyfhGPubhNt+TgOjDN1dg/nHYQGjPQEle+Wj/zHdBqIHoYRJoxIfWHYC2bmdQWfTzTTQC+0DmA==", "book"=>{"title"=>"", "author"=>"", "language"=>"", "url"=>"", "description"=>""}, "commit"=>"Save Book"}
Completed 500 Internal Server Error in 1ms (ActiveRecord: 0.0ms)


  
ActiveModel::UnknownAttributeError (unknown attribute 'author' for Book.):
  
app/controllers/books_controller.rb:12:in `create'
Started POST "/books" for 127.0.0.1 at 2018-05-21 21:47:33 -0400
Processing by BooksController#create as HTML
  Parameters: {"utf8"=>"✓", "authenticity_token"=>"VNpdGP9VfqMAWyfhGPubhNt+TgOjDN1dg/nHYQGjPQEle+Wj/zHdBqIHoYRJoxIfWHYC2bmdQWfTzTTQC+0DmA==", "book"=>{"title"=>"", "author"=>"", "language"=>"", "url"=>"", "description"=>""}, "commit"=>"Save Book"}
Completed 500 Internal Server Error in 12ms (ActiveRecord: 2.2ms)


  
ActiveModel::UnknownAttributeError (unknown attribute 'author' for Book.):
  
app/controllers/books_controller.rb:12:in `create'
Started GET "/books/new" for 127.0.0.1 at 2018-05-22 07:26:53 -0400
Processing by BooksController#new as HTML
  Rendering books/new.html.erb within layouts/application
  Rendered books/new.html.erb within layouts/application (15.1ms)
Completed 200 OK in 84ms (Views: 55.1ms | ActiveRecord: 5.9ms)


Started POST "/books" for 127.0.0.1 at 2018-05-22 07:26:56 -0400
Processing by BooksController#create as HTML
  Parameters: {"utf8"=>"✓", "authenticity_token"=>"FXTNhxOAnJ8wl8KVXf+BQlKqsUiFZmfcJWzfXe0adYpk1XU8E+Q/OpLLRPAMpwjZ0aL9kp/3++Z1WCzs51RLEw==", "book"=>{"title"=>"", "author"=>"", "language"=>"", "url"=>"", "description"=>""}, "commit"=>"Save Book"}
Completed 500 Internal Server Error in 3ms (ActiveRecord: 0.0ms)


  
ActiveRecord::AssociationTypeMismatch (Language(#70309719926580) expected, got "" which is an instance of String(#70309667831300)):
  
app/controllers/books_controller.rb:12:in `create'
Started POST "/books" for 127.0.0.1 at 2018-05-22 07:27:56 -0400
Processing by BooksController#create as HTML
  Parameters: {"utf8"=>"✓", "authenticity_token"=>"FXTNhxOAnJ8wl8KVXf+BQlKqsUiFZmfcJWzfXe0adYpk1XU8E+Q/OpLLRPAMpwjZ0aL9kp/3++Z1WCzs51RLEw==", "book"=>{"title"=>"", "author"=>"", "language"=>"", "url"=>"", "description"=>""}, "commit"=>"Save Book"}
Completed 500 Internal Server Error in 30ms (ActiveRecord: 2.3ms)


  
ActiveRecord::AssociationTypeMismatch (Language(#70309721109100) expected, got "" which is an instance of String(#70309667831300)):
  
app/controllers/books_controller.rb:12:in `create'
Started GET "/books/new" for 127.0.0.1 at 2018-05-22 09:04:10 -0400
Processing by BooksController#new as HTML
  Rendering books/new.html.erb within layouts/application
  Rendered books/new.html.erb within layouts/application (3.9ms)
Completed 200 OK in 34ms (Views: 20.1ms | ActiveRecord: 5.4ms)


Started POST "/books" for 127.0.0.1 at 2018-05-22 09:04:12 -0400
Processing by BooksController#create as HTML
  Parameters: {"utf8"=>"✓", "authenticity_token"=>"AC0VuEv7Vw18LcoMhxk+Z2IFz3wYz9Nnf3MtXfulrRRxjK0DS5/0qN5xTGnWQbf84Q2DpgJeT10vR97s8euTjQ==", "book"=>{"title"=>"", "author"=>"", "language"=>"", "url"=>"", "description"=>""}, "commit"=>"Save Book"}
Completed 500 Internal Server Error in 1ms (ActiveRecord: 0.0ms)


  
ActiveRecord::AssociationTypeMismatch (Language(#70309673030860) expected, got "" which is an instance of String(#70309667831300)):
  
app/controllers/books_controller.rb:12:in `create'
Started PUT "/__web_console/repl_sessions/f38363353008e35cfc8759fac0901ca9" for 127.0.0.1 at 2018-05-22 09:05:41 -0400
Started PUT "/__web_console/repl_sessions/f38363353008e35cfc8759fac0901ca9" for 127.0.0.1 at 2018-05-22 09:05:43 -0400
Started GET "/books/new" for 127.0.0.1 at 2018-05-22 09:05:54 -0400
  [1m[35m (0.5ms)[0m  [1m[34mSELECT "schema_migrations"."version" FROM "schema_migrations" ORDER BY "schema_migrations"."version" ASC[0m
  ↳ /Users/jacob/.rbenv/versions/2.5.0/lib/ruby/gems/2.5.0/gems/activerecord-5.2.0/lib/active_record/log_subscriber.rb:98
Processing by BooksController#new as HTML
  Rendering books/new.html.erb within layouts/application
  Rendered books/new.html.erb within layouts/application (8.0ms)
Completed 200 OK in 194ms (Views: 166.6ms | ActiveRecord: 3.6ms)


Started POST "/books" for 127.0.0.1 at 2018-05-22 09:05:57 -0400
Processing by BooksController#create as HTML
  Parameters: {"utf8"=>"✓", "authenticity_token"=>"Qgzm0ivf3f8WMGCIu4+Go8OO5ah6pXyX1kNr3bzNsc0zrV5pK7t+WrRs5u3q1w84QIapcmA04K2Gd5hstoOPVA==", "book"=>{"title"=>"", "author"=>"", "language"=>"", "url"=>"", "description"=>""}, "commit"=>"Save Book"}
Completed 500 Internal Server Error in 1ms (ActiveRecord: 0.0ms)


  
ActiveRecord::AssociationTypeMismatch (Language(#70332853699720) expected, got "" which is an instance of String(#70332837174820)):
  
app/controllers/books_controller.rb:12:in `create'
Started GET "/books/new" for 127.0.0.1 at 2018-05-22 09:06:18 -0400
Started GET "/books/new" for 127.0.0.1 at 2018-05-22 09:06:28 -0400
Processing by BooksController#new as HTML
  Rendering books/new.html.erb within layouts/application
  Rendered books/new.html.erb within layouts/application (21.2ms)
Completed 200 OK in 58ms (Views: 42.5ms | ActiveRecord: 5.3ms)


Processing by BooksController#new as HTML
  Rendering books/new.html.erb within layouts/application
  Rendered books/new.html.erb within layouts/application (3.5ms)
Completed 200 OK in 30ms (Views: 18.1ms | ActiveRecord: 3.2ms)


Started POST "/books" for 127.0.0.1 at 2018-05-22 09:06:30 -0400
Processing by BooksController#create as HTML
  Parameters: {"utf8"=>"✓", "authenticity_token"=>"G3aVkT/7VFqCxvz0kPvEVUu43pCUikaeA0u9APiNhYFq1y0qP5/3/yCaepHBo03OyLCSSo4b2qRTf06x8sO7GA==", "book"=>{"title"=>"", "author"=>"", "language"=>"", "url"=>"", "description"=>""}, "commit"=>"Save Book"}
Completed 500 Internal Server Error in 100916ms (ActiveRecord: 0.0ms)


  
ActiveRecord::AssociationTypeMismatch (Language(#70332892762020) expected, got "" which is an instance of String(#70332837174820)):
  
app/controllers/books_controller.rb:13:in `create'
Started GET "/books/new" for 127.0.0.1 at 2018-05-22 09:26:52 -0400
  [1m[35m (0.6ms)[0m  [1m[34mSELECT "schema_migrations"."version" FROM "schema_migrations" ORDER BY "schema_migrations"."version" ASC[0m
  ↳ /Users/jacob/.rbenv/versions/2.5.0/lib/ruby/gems/2.5.0/gems/activerecord-5.2.0/lib/active_record/log_subscriber.rb:98
  
ActiveRecord::PendingMigrationError (

Migrations are pending. To resolve this issue, run:

        bin/rails db:migrate RAILS_ENV=development

):
  
activerecord (5.2.0) lib/active_record/migration.rb:579:in `check_pending!'
activerecord (5.2.0) lib/active_record/migration.rb:556:in `call'
actionpack (5.2.0) lib/action_dispatch/middleware/callbacks.rb:28:in `block in call'
activesupport (5.2.0) lib/active_support/callbacks.rb:98:in `run_callbacks'
actionpack (5.2.0) lib/action_dispatch/middleware/callbacks.rb:26:in `call'
actionpack (5.2.0) lib/action_dispatch/middleware/executor.rb:14:in `call'
actionpack (5.2.0) lib/action_dispatch/middleware/debug_exceptions.rb:61:in `call'
web-console (3.6.2) lib/web_console/middleware.rb:135:in `call_app'
web-console (3.6.2) lib/web_console/middleware.rb:30:in `block in call'
web-console (3.6.2) lib/web_console/middleware.rb:20:in `catch'
web-console (3.6.2) lib/web_console/middleware.rb:20:in `call'
actionpack (5.2.0) lib/action_dispatch/middleware/show_exceptions.rb:33:in `call'
railties (5.2.0) lib/rails/rack/logger.rb:38:in `call_app'
railties (5.2.0) lib/rails/rack/logger.rb:26:in `block in call'
activesupport (5.2.0) lib/active_support/tagged_logging.rb:71:in `block in tagged'
activesupport (5.2.0) lib/active_support/tagged_logging.rb:28:in `tagged'
activesupport (5.2.0) lib/active_support/tagged_logging.rb:71:in `tagged'
railties (5.2.0) lib/rails/rack/logger.rb:26:in `call'
sprockets-rails (3.2.1) lib/sprockets/rails/quiet_assets.rb:13:in `call'
actionpack (5.2.0) lib/action_dispatch/middleware/remote_ip.rb:81:in `call'
actionpack (5.2.0) lib/action_dispatch/middleware/request_id.rb:27:in `call'
rack (2.0.5) lib/rack/method_override.rb:22:in `call'
rack (2.0.5) lib/rack/runtime.rb:22:in `call'
activesupport (5.2.0) lib/active_support/cache/strategy/local_cache_middleware.rb:29:in `call'
actionpack (5.2.0) lib/action_dispatch/middleware/executor.rb:14:in `call'
actionpack (5.2.0) lib/action_dispatch/middleware/static.rb:127:in `call'
rack (2.0.5) lib/rack/sendfile.rb:111:in `call'
railties (5.2.0) lib/rails/engine.rb:524:in `call'
puma (3.11.4) lib/puma/configuration.rb:225:in `call'
puma (3.11.4) lib/puma/server.rb:632:in `handle_request'
puma (3.11.4) lib/puma/server.rb:446:in `process_client'
puma (3.11.4) lib/puma/server.rb:306:in `block in run'
puma (3.11.4) lib/puma/thread_pool.rb:120:in `block in spawn_thread'
  [1m[35m (0.5ms)[0m  [1m[34mSELECT pg_try_advisory_lock(5045787486572747250)[0m
  ↳ bin/rails:9
  [1m[35m (0.5ms)[0m  [1m[34mSELECT "schema_migrations"."version" FROM "schema_migrations" ORDER BY "schema_migrations"."version" ASC[0m
  ↳ bin/rails:9
Migrating to CreateBookAuthors (20180522132418)
  [1m[35m (0.1ms)[0m  [1m[35mBEGIN[0m
  ↳ bin/rails:9
  [1m[35m (0.1ms)[0m  [1m[31mROLLBACK[0m
  ↳ bin/rails:9
  [1m[35m (0.2ms)[0m  [1m[34mSELECT pg_advisory_unlock(5045787486572747250)[0m
  ↳ bin/rails:9
Started GET "/books/new" for 127.0.0.1 at 2018-05-22 09:32:29 -0400
  [1m[35m (0.6ms)[0m  [1m[34mSELECT "schema_migrations"."version" FROM "schema_migrations" ORDER BY "schema_migrations"."version" ASC[0m
  ↳ /Users/jacob/.rbenv/versions/2.5.0/lib/ruby/gems/2.5.0/gems/activerecord-5.2.0/lib/active_record/log_subscriber.rb:98
  
ActiveRecord::PendingMigrationError (

Migrations are pending. To resolve this issue, run:

        bin/rails db:migrate RAILS_ENV=development

):
  
activerecord (5.2.0) lib/active_record/migration.rb:579:in `check_pending!'
activerecord (5.2.0) lib/active_record/migration.rb:556:in `call'
actionpack (5.2.0) lib/action_dispatch/middleware/callbacks.rb:28:in `block in call'
activesupport (5.2.0) lib/active_support/callbacks.rb:98:in `run_callbacks'
actionpack (5.2.0) lib/action_dispatch/middleware/callbacks.rb:26:in `call'
actionpack (5.2.0) lib/action_dispatch/middleware/executor.rb:14:in `call'
actionpack (5.2.0) lib/action_dispatch/middleware/debug_exceptions.rb:61:in `call'
web-console (3.6.2) lib/web_console/middleware.rb:135:in `call_app'
web-console (3.6.2) lib/web_console/middleware.rb:30:in `block in call'
web-console (3.6.2) lib/web_console/middleware.rb:20:in `catch'
web-console (3.6.2) lib/web_console/middleware.rb:20:in `call'
actionpack (5.2.0) lib/action_dispatch/middleware/show_exceptions.rb:33:in `call'
railties (5.2.0) lib/rails/rack/logger.rb:38:in `call_app'
railties (5.2.0) lib/rails/rack/logger.rb:26:in `block in call'
activesupport (5.2.0) lib/active_support/tagged_logging.rb:71:in `block in tagged'
activesupport (5.2.0) lib/active_support/tagged_logging.rb:28:in `tagged'
activesupport (5.2.0) lib/active_support/tagged_logging.rb:71:in `tagged'
railties (5.2.0) lib/rails/rack/logger.rb:26:in `call'
sprockets-rails (3.2.1) lib/sprockets/rails/quiet_assets.rb:13:in `call'
actionpack (5.2.0) lib/action_dispatch/middleware/remote_ip.rb:81:in `call'
actionpack (5.2.0) lib/action_dispatch/middleware/request_id.rb:27:in `call'
rack (2.0.5) lib/rack/method_override.rb:22:in `call'
rack (2.0.5) lib/rack/runtime.rb:22:in `call'
activesupport (5.2.0) lib/active_support/cache/strategy/local_cache_middleware.rb:29:in `call'
actionpack (5.2.0) lib/action_dispatch/middleware/executor.rb:14:in `call'
actionpack (5.2.0) lib/action_dispatch/middleware/static.rb:127:in `call'
rack (2.0.5) lib/rack/sendfile.rb:111:in `call'
railties (5.2.0) lib/rails/engine.rb:524:in `call'
puma (3.11.4) lib/puma/configuration.rb:225:in `call'
puma (3.11.4) lib/puma/server.rb:632:in `handle_request'
puma (3.11.4) lib/puma/server.rb:446:in `process_client'
puma (3.11.4) lib/puma/server.rb:306:in `block in run'
puma (3.11.4) lib/puma/thread_pool.rb:120:in `block in spawn_thread'
  [1m[35m (0.2ms)[0m  [1m[34mSELECT pg_try_advisory_lock(5045787486572747250)[0m
  ↳ bin/rails:9
  [1m[35m (0.4ms)[0m  [1m[34mSELECT "schema_migrations"."version" FROM "schema_migrations" ORDER BY "schema_migrations"."version" ASC[0m
  ↳ bin/rails:9
Migrating to CreateBookAuthors (20180522132418)
  [1m[35m (0.1ms)[0m  [1m[35mBEGIN[0m
  ↳ bin/rails:9
  [1m[35m (0.1ms)[0m  [1m[31mROLLBACK[0m
  ↳ bin/rails:9
  [1m[35m (0.2ms)[0m  [1m[34mSELECT pg_advisory_unlock(5045787486572747250)[0m
  ↳ bin/rails:9
  [1m[35m (0.4ms)[0m  [1m[34mSELECT "schema_migrations"."version" FROM "schema_migrations" ORDER BY "schema_migrations"."version" ASC[0m
  ↳ /Users/jacob/.rbenv/versions/2.5.0/bin/rake:23
  [1m[35m (2.1ms)[0m  [1m[34mSELECT "ar_internal_metadata"."value" FROM "ar_internal_metadata" WHERE "ar_internal_metadata"."key" = $1[0m  [["key", "environment"]]
  ↳ /Users/jacob/.rbenv/versions/2.5.0/bin/rake:23
  [1m[35m (0.2ms)[0m  [1m[34mSELECT "schema_migrations"."version" FROM "schema_migrations" ORDER BY "schema_migrations"."version" ASC[0m
  ↳ /Users/jacob/.rbenv/versions/2.5.0/bin/rake:23
  [1m[35m (0.2ms)[0m  [1m[34mSELECT "ar_internal_metadata"."value" FROM "ar_internal_metadata" WHERE "ar_internal_metadata"."key" = $1[0m  [["key", "environment"]]
  ↳ /Users/jacob/.rbenv/versions/2.5.0/bin/rake:23
  [1m[35m (0.2ms)[0m  [1m[34mSELECT "schema_migrations"."version" FROM "schema_migrations" ORDER BY "schema_migrations"."version" ASC[0m
  ↳ /Users/jacob/.rbenv/versions/2.5.0/bin/rake:23
  [1m[35m (0.2ms)[0m  [1m[34mSELECT "ar_internal_metadata"."value" FROM "ar_internal_metadata" WHERE "ar_internal_metadata"."key" = $1[0m  [["key", "environment"]]
  ↳ /Users/jacob/.rbenv/versions/2.5.0/bin/rake:23
  [1m[35m (7289.9ms)[0m  [1m[35mDROP DATABASE IF EXISTS "freeshelf_1_app_development"[0m
  ↳ /Users/jacob/.rbenv/versions/2.5.0/bin/rake:23
  [1m[35m (0.4ms)[0m  [1m[34mSELECT "schema_migrations"."version" FROM "schema_migrations" ORDER BY "schema_migrations"."version" ASC[0m
  ↳ /Users/jacob/.rbenv/versions/2.5.0/bin/rake:23
  [1m[35m (0.2ms)[0m  [1m[34mSELECT "ar_internal_metadata"."value" FROM "ar_internal_metadata" WHERE "ar_internal_metadata"."key" = $1[0m  [["key", "environment"]]
  ↳ /Users/jacob/.rbenv/versions/2.5.0/bin/rake:23
  [1m[35m (0.1ms)[0m  [1m[34mSELECT "schema_migrations"."version" FROM "schema_migrations" ORDER BY "schema_migrations"."version" ASC[0m
  ↳ /Users/jacob/.rbenv/versions/2.5.0/bin/rake:23
  [1m[35m (0.1ms)[0m  [1m[34mSELECT "ar_internal_metadata"."value" FROM "ar_internal_metadata" WHERE "ar_internal_metadata"."key" = $1[0m  [["key", "environment"]]
  ↳ /Users/jacob/.rbenv/versions/2.5.0/bin/rake:23
  [1m[35m (0.1ms)[0m  [1m[34mSELECT "schema_migrations"."version" FROM "schema_migrations" ORDER BY "schema_migrations"."version" ASC[0m
  ↳ /Users/jacob/.rbenv/versions/2.5.0/bin/rake:23
  [1m[35m (0.1ms)[0m  [1m[34mSELECT "ar_internal_metadata"."value" FROM "ar_internal_metadata" WHERE "ar_internal_metadata"."key" = $1[0m  [["key", "environment"]]
  ↳ /Users/jacob/.rbenv/versions/2.5.0/bin/rake:23
  [1m[35m (159.6ms)[0m  [1m[35mDROP DATABASE IF EXISTS "freeshelf_1_app_development"[0m
  ↳ /Users/jacob/.rbenv/versions/2.5.0/bin/rake:23
  [1m[35m (206.4ms)[0m  [1m[35mDROP DATABASE IF EXISTS "freeshelf_1_app_test"[0m
  ↳ /Users/jacob/.rbenv/versions/2.5.0/bin/rake:23
  [1m[35m (486.2ms)[0m  [1m[35mCREATE DATABASE "freeshelf_1_app_development" ENCODING = 'unicode'[0m
  ↳ bin/rails:9
  [1m[35m (388.5ms)[0m  [1m[35mCREATE DATABASE "freeshelf_1_app_test" ENCODING = 'unicode'[0m
  ↳ bin/rails:9
  [1m[35m (6.1ms)[0m  [1m[35mCREATE TABLE "schema_migrations" ("version" character varying NOT NULL PRIMARY KEY)[0m
  ↳ bin/rails:9
  [1m[35m (2.4ms)[0m  [1m[35mCREATE TABLE "ar_internal_metadata" ("key" character varying NOT NULL PRIMARY KEY, "value" character varying, "created_at" timestamp NOT NULL, "updated_at" timestamp NOT NULL)[0m
  ↳ bin/rails:9
  [1m[35m (0.2ms)[0m  [1m[34mSELECT pg_try_advisory_lock(5045787486572747250)[0m
  ↳ bin/rails:9
  [1m[35m (0.3ms)[0m  [1m[34mSELECT "schema_migrations"."version" FROM "schema_migrations" ORDER BY "schema_migrations"."version" ASC[0m
  ↳ bin/rails:9
Migrating to CreateBooks (20180521202017)
  [1m[35m (0.1ms)[0m  [1m[35mBEGIN[0m
  ↳ bin/rails:9
  [1m[35m (4.1ms)[0m  [1m[35mCREATE TABLE "books" ("id" bigserial primary key, "title" character varying, "description" character varying, "url" character varying, "created_at" timestamp NOT NULL, "updated_at" timestamp NOT NULL)[0m
  ↳ db/migrate/20180521202017_create_books.rb:3
  [1m[36mActiveRecord::SchemaMigration Create (0.4ms)[0m  [1m[32mINSERT INTO "schema_migrations" ("version") VALUES ($1) RETURNING "version"[0m  [["version", "20180521202017"]]
  ↳ bin/rails:9
  [1m[35m (0.5ms)[0m  [1m[35mCOMMIT[0m
  ↳ bin/rails:9
Migrating to CreateLanguages (20180521202031)
  [1m[35m (0.2ms)[0m  [1m[35mBEGIN[0m
  ↳ bin/rails:9
  [1m[35m (5.8ms)[0m  [1m[35mCREATE TABLE "languages" ("id" bigserial primary key, "name" character varying, "created_at" timestamp NOT NULL, "updated_at" timestamp NOT NULL)[0m
  ↳ db/migrate/20180521202031_create_languages.rb:3
  [1m[36mActiveRecord::SchemaMigration Create (0.3ms)[0m  [1m[32mINSERT INTO "schema_migrations" ("version") VALUES ($1) RETURNING "version"[0m  [["version", "20180521202031"]]
  ↳ bin/rails:9
  [1m[35m (0.4ms)[0m  [1m[35mCOMMIT[0m
  ↳ bin/rails:9
Migrating to CreateAuthors (20180521202052)
  [1m[35m (0.2ms)[0m  [1m[35mBEGIN[0m
  ↳ bin/rails:9
  [1m[35m (5.4ms)[0m  [1m[35mCREATE TABLE "authors" ("id" bigserial primary key, "name" character varying, "created_at" timestamp NOT NULL, "updated_at" timestamp NOT NULL)[0m
  ↳ db/migrate/20180521202052_create_authors.rb:3
  [1m[36mActiveRecord::SchemaMigration Create (0.3ms)[0m  [1m[32mINSERT INTO "schema_migrations" ("version") VALUES ($1) RETURNING "version"[0m  [["version", "20180521202052"]]
  ↳ bin/rails:9
  [1m[35m (0.5ms)[0m  [1m[35mCOMMIT[0m
  ↳ bin/rails:9
Migrating to CreateBookAuthors (20180522132418)
  [1m[35m (0.5ms)[0m  [1m[35mBEGIN[0m
  ↳ bin/rails:9
  [1m[35m (4.0ms)[0m  [1m[35mCREATE TABLE "book_authors" ("id" bigserial primary key, "book_id" bigint, "author_id" bigint, "created_at" timestamp NOT NULL, "updated_at" timestamp NOT NULL)[0m
  ↳ db/migrate/20180522132418_create_book_authors.rb:3
  [1m[35m (0.8ms)[0m  [1m[35mCREATE  INDEX  "index_book_authors_on_book_id" ON "book_authors"  ("book_id")[0m
  ↳ db/migrate/20180522132418_create_book_authors.rb:3
  [1m[35m (0.9ms)[0m  [1m[35mCREATE  INDEX  "index_book_authors_on_author_id" ON "book_authors"  ("author_id")[0m
  ↳ db/migrate/20180522132418_create_book_authors.rb:3
  [1m[36mActiveRecord::SchemaMigration Create (0.3ms)[0m  [1m[32mINSERT INTO "schema_migrations" ("version") VALUES ($1) RETURNING "version"[0m  [["version", "20180522132418"]]
  ↳ bin/rails:9
  [1m[35m (0.5ms)[0m  [1m[35mCOMMIT[0m
  ↳ bin/rails:9
  [1m[36mActiveRecord::InternalMetadata Load (0.3ms)[0m  [1m[34mSELECT  "ar_internal_metadata".* FROM "ar_internal_metadata" WHERE "ar_internal_metadata"."key" = $1 LIMIT $2[0m  [["key", "environment"], ["LIMIT", 1]]
  ↳ bin/rails:9
  [1m[35m (0.1ms)[0m  [1m[35mBEGIN[0m
  ↳ bin/rails:9
  [1m[36mActiveRecord::InternalMetadata Create (0.5ms)[0m  [1m[32mINSERT INTO "ar_internal_metadata" ("key", "value", "created_at", "updated_at") VALUES ($1, $2, $3, $4) RETURNING "key"[0m  [["key", "environment"], ["value", "development"], ["created_at", "2018-05-22 13:37:26.607769"], ["updated_at", "2018-05-22 13:37:26.607769"]]
  ↳ bin/rails:9
  [1m[35m (0.3ms)[0m  [1m[35mCOMMIT[0m
  ↳ bin/rails:9
  [1m[35m (0.1ms)[0m  [1m[34mSELECT pg_advisory_unlock(5045787486572747250)[0m
  ↳ bin/rails:9
  [1m[35m (0.2ms)[0m  [1m[34mSELECT "schema_migrations"."version" FROM "schema_migrations" ORDER BY "schema_migrations"."version" ASC[0m
  ↳ bin/rails:9
Started GET "/books/new" for 127.0.0.1 at 2018-05-22 09:37:43 -0400
  [1m[35m (0.4ms)[0m  [1m[34mSELECT "schema_migrations"."version" FROM "schema_migrations" ORDER BY "schema_migrations"."version" ASC[0m
  ↳ /Users/jacob/.rbenv/versions/2.5.0/lib/ruby/gems/2.5.0/gems/activerecord-5.2.0/lib/active_record/log_subscriber.rb:98
Processing by BooksController#new as HTML
Completed 500 Internal Server Error in 17ms (ActiveRecord: 0.0ms)


  
ArgumentError (No association found for name `authors'. Has it been defined yet?):
  
app/models/book.rb:13:in `<class:Book>'
app/models/book.rb:1:in `<main>'
app/controllers/books_controller.rb:8:in `new'
Started GET "/books/new" for 127.0.0.1 at 2018-05-22 09:39:05 -0400
Processing by BooksController#new as HTML
Completed 500 Internal Server Error in 3ms (ActiveRecord: 0.0ms)


  
ArgumentError (No association found for name `authors'. Has it been defined yet?):
  
app/models/book.rb:13:in `<class:Book>'
app/models/book.rb:1:in `<main>'
app/controllers/books_controller.rb:8:in `new'
Started GET "/books/new" for 127.0.0.1 at 2018-05-22 09:39:29 -0400
Processing by BooksController#new as HTML
Completed 500 Internal Server Error in 2ms (ActiveRecord: 0.0ms)


  
ArgumentError (No association found for name `authors'. Has it been defined yet?):
  
app/models/book.rb:13:in `<class:Book>'
app/models/book.rb:1:in `<main>'
app/controllers/books_controller.rb:8:in `new'
Started GET "/books/new" for 127.0.0.1 at 2018-05-22 09:40:23 -0400
Processing by BooksController#new as HTML
  Rendering books/new.html.erb within layouts/application
  Rendered books/new.html.erb within layouts/application (0.7ms)
Completed 500 Internal Server Error in 19ms (ActiveRecord: 4.9ms)


  
SyntaxError (/Users/jacob/Momentum/rails-freeshelf-1-jacobfh/freeshelf_1_app/app/views/books/new.html.erb:24: syntax error, unexpected keyword_do_block
...d=  form.fields_for :author, do |author_field| @output_buffe...
...                             ^~
/Users/jacob/Momentum/rails-freeshelf-1-jacobfh/freeshelf_1_app/app/views/books/new.html.erb:48: syntax error, unexpected keyword_ensure, expecting end-of-input
          ensure
          ^~~~~~):
  
app/views/books/new.html.erb:24: syntax error, unexpected keyword_do_block
app/views/books/new.html.erb:48: syntax error, unexpected keyword_ensure, expecting end-of-input
Started GET "/books/new" for 127.0.0.1 at 2018-05-22 09:41:35 -0400
Processing by BooksController#new as HTML
  Rendering books/new.html.erb within layouts/application
  Rendered books/new.html.erb within layouts/application (14.6ms)
Completed 200 OK in 185ms (Views: 182.8ms | ActiveRecord: 0.0ms)


Started POST "/books" for 127.0.0.1 at 2018-05-22 09:41:40 -0400
Processing by BooksController#create as HTML
  Parameters: {"utf8"=>"✓", "authenticity_token"=>"av4CrxQDFssNt7qIHt+eWIqDqoltIXWe2khAoCsaEAgbX7oUFGe1bq/rPO1PhxfDCYvmU3ew6aSKfLMRIVQukQ==", "book"=>{"title"=>"", "author"=>{"name"=>""}, "language"=>"", "url"=>"", "description"=>""}, "commit"=>"Save Book"}
Started GET "/books/new" for 127.0.0.1 at 2018-05-22 09:43:06 -0400
Processing by BooksController#new as HTML
  Rendering books/new.html.erb within layouts/application
Unpermitted parameter: :author
  [1m[35m (2.6ms)[0m  [1m[35mBEGIN[0m
  ↳ app/controllers/books_controller.rb:15
  [1m[35m (0.9ms)[0m  [1m[31mROLLBACK[0m
  ↳ app/controllers/books_controller.rb:15
Completed 500 Internal Server Error in 156892ms (ActiveRecord: 3.5ms)


  
NoMethodError (undefined method `marked_for_destruction?' for "":String):
  
app/controllers/books_controller.rb:15:in `create'
  Rendered books/new.html.erb within layouts/application (71289.7ms)
Completed 200 OK in 71327ms (Views: 71268.7ms | ActiveRecord: 56.2ms)


Started GET "/books/new" for 127.0.0.1 at 2018-05-22 09:44:39 -0400
Processing by BooksController#new as HTML
  Rendering books/new.html.erb within layouts/application
  Rendered books/new.html.erb within layouts/application (2.3ms)
Completed 200 OK in 21ms (Views: 17.8ms | ActiveRecord: 0.0ms)


Started GET "/books/new" for 127.0.0.1 at 2018-05-22 09:44:47 -0400
Processing by BooksController#new as HTML
  Rendering books/new.html.erb within layouts/application
  Rendered books/new.html.erb within layouts/application (2.1ms)
Completed 200 OK in 20ms (Views: 17.3ms | ActiveRecord: 0.0ms)


Started GET "/books/new" for 127.0.0.1 at 2018-05-22 09:45:09 -0400
Processing by BooksController#new as HTML
  Rendering books/new.html.erb within layouts/application
  Rendered books/new.html.erb within layouts/application (2.1ms)
Completed 200 OK in 20ms (Views: 17.0ms | ActiveRecord: 0.0ms)


Started GET "/books/new" for 127.0.0.1 at 2018-05-22 09:45:13 -0400
Processing by BooksController#new as HTML
  Rendering books/new.html.erb within layouts/application
  Rendered books/new.html.erb within layouts/application (2.1ms)
Completed 200 OK in 18ms (Views: 16.0ms | ActiveRecord: 0.0ms)


Started GET "/books/new" for 127.0.0.1 at 2018-05-22 09:46:01 -0400
Processing by BooksController#new as HTML
  Rendering books/new.html.erb within layouts/application
  Rendered books/new.html.erb within layouts/application (1.9ms)
Completed 200 OK in 18ms (Views: 16.1ms | ActiveRecord: 0.0ms)


Started POST "/books" for 127.0.0.1 at 2018-05-22 09:46:26 -0400
Processing by BooksController#create as HTML
  Parameters: {"utf8"=>"✓", "authenticity_token"=>"7hjpAPed2vHl5J6EFeWnLet2nRF7H5tvuT1aAcQzZtKfuVG79/l5VEe4GOFEvS62aH7Ry2GOB1XpCamwzn1YSw==", "book"=>{"title"=>"Hello", "authors"=>{"name"=>"Author"}, "language"=>"C+", "url"=>"www.google.com", "description"=>"This is a book on C+"}, "commit"=>"Save Book"}
Unpermitted parameter: :authors
Unpermitted parameter: :authors
  [1m[35m (0.2ms)[0m  [1m[35mBEGIN[0m
  ↳ app/controllers/books_controller.rb:15
  [1m[35m (0.2ms)[0m  [1m[31mROLLBACK[0m
  ↳ app/controllers/books_controller.rb:15
Completed 500 Internal Server Error in 139388ms (ActiveRecord: 0.4ms)


  
NoMethodError (undefined method `marked_for_destruction?' for "C+":String):
  
app/controllers/books_controller.rb:15:in `create'
Started POST "/books" for 127.0.0.1 at 2018-05-22 09:48:56 -0400
Processing by BooksController#create as HTML
  Parameters: {"utf8"=>"✓", "authenticity_token"=>"7hjpAPed2vHl5J6EFeWnLet2nRF7H5tvuT1aAcQzZtKfuVG79/l5VEe4GOFEvS62aH7Ry2GOB1XpCamwzn1YSw==", "book"=>{"title"=>"Hello", "authors"=>{"name"=>"Author"}, "language"=>"C+", "url"=>"www.google.com", "description"=>"This is a book on C+"}, "commit"=>"Save Book"}
Completed 500 Internal Server Error in 28921ms (ActiveRecord: 3.3ms)


  
ActiveRecord::AssociationTypeMismatch (Author(#70350856037760) expected, got ["name", "Author"] which is an instance of Array(#70350847459600)):
  
app/controllers/books_controller.rb:13:in `create'
Started GET "/books/new" for 127.0.0.1 at 2018-05-22 09:53:28 -0400
Processing by BooksController#new as HTML
  Rendering books/new.html.erb within layouts/application
  Rendered books/new.html.erb within layouts/application (9.5ms)
Completed 200 OK in 30ms (Views: 25.4ms | ActiveRecord: 2.6ms)


Started GET "/books/new" for 127.0.0.1 at 2018-05-22 09:54:34 -0400
Processing by BooksController#new as HTML
  Rendering books/new.html.erb within layouts/application
  Rendered books/new.html.erb within layouts/application (2.7ms)
Completed 200 OK in 21ms (Views: 18.7ms | ActiveRecord: 0.0ms)


Started GET "/books/new" for 127.0.0.1 at 2018-05-22 09:54:36 -0400
Processing by BooksController#new as HTML
  Rendering books/new.html.erb within layouts/application
  Rendered books/new.html.erb within layouts/application (2.5ms)
Completed 200 OK in 24ms (Views: 21.0ms | ActiveRecord: 0.0ms)


Started POST "/books" for 127.0.0.1 at 2018-05-22 09:55:11 -0400
Processing by BooksController#create as HTML
  Parameters: {"utf8"=>"✓", "authenticity_token"=>"Cj0j2iViKexMYYUG51TBRlwgn85LjH61kaLV5c8dGVZ7nJthJQaKSe49A2O2DEjd3yjTFFEd4o/BliZUxVMnzw==", "book"=>{"title"=>"title", "authors_attributes"=>{"0"=>{"name"=>"something"}}, "language"=>"language", "url"=>"url", "description"=>"description"}, "commit"=>"Create Book"}
Unpermitted parameter: :authors_attributes
Unpermitted parameter: :authors_attributes
  [1m[35m (0.3ms)[0m  [1m[35mBEGIN[0m
  ↳ app/controllers/books_controller.rb:15
  [1m[35m (0.2ms)[0m  [1m[31mROLLBACK[0m
  ↳ app/controllers/books_controller.rb:15
Completed 500 Internal Server Error in 29219ms (ActiveRecord: 0.5ms)


  
NoMethodError (undefined method `marked_for_destruction?' for "language":String):
  
app/controllers/books_controller.rb:15:in `create'
Started POST "/books" for 127.0.0.1 at 2018-05-22 09:55:48 -0400
Processing by BooksController#create as HTML
  Parameters: {"utf8"=>"✓", "authenticity_token"=>"Cj0j2iViKexMYYUG51TBRlwgn85LjH61kaLV5c8dGVZ7nJthJQaKSe49A2O2DEjd3yjTFFEd4o/BliZUxVMnzw==", "book"=>{"title"=>"title", "authors_attributes"=>{"0"=>{"name"=>"something"}}, "language"=>"language", "url"=>"url", "description"=>"description"}, "commit"=>"Create Book"}
  [1m[35m (0.1ms)[0m  [1m[35mBEGIN[0m
  ↳ app/controllers/books_controller.rb:15
  [1m[35m (0.1ms)[0m  [1m[31mROLLBACK[0m
  ↳ app/controllers/books_controller.rb:15
Completed 500 Internal Server Error in 16812ms (ActiveRecord: 7.6ms)


  
NoMethodError (undefined method `marked_for_destruction?' for "language":String):
  
app/controllers/books_controller.rb:15:in `create'
Started GET "/books/new" for 127.0.0.1 at 2018-05-22 09:56:24 -0400
Processing by BooksController#new as HTML
  Rendering books/new.html.erb within layouts/application
  Rendered books/new.html.erb within layouts/application (4.2ms)
Completed 200 OK in 24ms (Views: 22.0ms | ActiveRecord: 0.0ms)


Started POST "/books" for 127.0.0.1 at 2018-05-22 09:56:43 -0400
Processing by BooksController#create as HTML
  Parameters: {"utf8"=>"✓", "authenticity_token"=>"f2OAg6t2EA9vZare4n2utGD1KGS44T67lTiBEhgF9hUOwjg4qxKzqs05LLuzJScv4/1kvqJwooHFDHKjEkvIjA==", "book"=>{"title"=>"title", "authors_attributes"=>{"0"=>{"name"=>"dan brown"}}, "url"=>"url", "description"=>"description"}, "commit"=>"Create Book"}
  [1m[35m (0.2ms)[0m  [1m[35mBEGIN[0m
  ↳ app/controllers/books_controller.rb:15
  [1m[35m (0.3ms)[0m  [1m[31mROLLBACK[0m
  ↳ app/controllers/books_controller.rb:15
  Rendering books/new.html.erb within layouts/application
  Rendered books/new.html.erb within layouts/application (2.0ms)
Completed 200 OK in 6661ms (Views: 18.3ms | ActiveRecord: 0.5ms)


Started POST "/books" for 127.0.0.1 at 2018-05-22 09:58:49 -0400
Processing by BooksController#create as HTML
  Parameters: {"utf8"=>"✓", "authenticity_token"=>"cCVONR+QitlxfnZU5dfJq8ufJVaGO+LJ3EMhrknxijsBhPaOH/QpfNMi8DG0j0AwSJdpjJyqfvOMd9IfQ7+0og==", "book"=>{"title"=>"title", "authors_attributes"=>{"0"=>{"name"=>"chris pine"}}, "url"=>"url", "description"=>"description"}, "commit"=>"Create Book"}
  [1m[35m (0.1ms)[0m  [1m[35mBEGIN[0m
  ↳ app/controllers/books_controller.rb:15
  [1m[36mBook Create (0.7ms)[0m  [1m[32mINSERT INTO "books" ("created_at", "updated_at") VALUES ($1, $2) RETURNING "id"[0m  [["created_at", "2018-05-22 13:59:01.606557"], ["updated_at", "2018-05-22 13:59:01.606557"]]
  ↳ app/controllers/books_controller.rb:15
  [1m[36mAuthor Create (0.7ms)[0m  [1m[32mINSERT INTO "authors" ("name", "created_at", "updated_at") VALUES ($1, $2, $3) RETURNING "id"[0m  [["name", "chris pine"], ["created_at", "2018-05-22 13:59:01.608525"], ["updated_at", "2018-05-22 13:59:01.608525"]]
  ↳ app/controllers/books_controller.rb:15
  [1m[36mBookAuthor Create (1.5ms)[0m  [1m[32mINSERT INTO "book_authors" ("book_id", "author_id", "created_at", "updated_at") VALUES ($1, $2, $3, $4) RETURNING "id"[0m  [["book_id", 1], ["author_id", 1], ["created_at", "2018-05-22 13:59:01.619443"], ["updated_at", "2018-05-22 13:59:01.619443"]]
  ↳ app/controllers/books_controller.rb:15
  [1m[35m (1.0ms)[0m  [1m[35mCOMMIT[0m
  ↳ app/controllers/books_controller.rb:15
Redirected to http://localhost:3000/books/1
Completed 302 Found in 12356ms (ActiveRecord: 11.3ms)


Started GET "/books/1" for 127.0.0.1 at 2018-05-22 09:59:01 -0400
Processing by BooksController#show as HTML
  Parameters: {"id"=>"1"}
  [1m[36mBook Load (0.2ms)[0m  [1m[34mSELECT  "books".* FROM "books" WHERE "books"."id" = $1 LIMIT $2[0m  [["id", 1], ["LIMIT", 1]]
  ↳ app/controllers/books_controller.rb:27
  Rendering books/show.html.erb within layouts/application
  Rendered books/show.html.erb within layouts/application (0.3ms)
Completed 200 OK in 21ms (Views: 13.9ms | ActiveRecord: 0.4ms)


  [1m[36mBook Load (0.3ms)[0m  [1m[34mSELECT  "books".* FROM "books" ORDER BY "books"."id" ASC LIMIT $1[0m  [["LIMIT", 1]]
Started GET "/books" for 127.0.0.1 at 2018-05-22 09:59:37 -0400
Processing by BooksController#index as HTML
  Rendering books/index.html.erb within layouts/application
  [1m[36mBook Load (0.3ms)[0m  [1m[34mSELECT "books".* FROM "books"[0m
  ↳ app/views/books/index.html.erb:12
  Rendered books/index.html.erb within layouts/application (1.4ms)
Completed 200 OK in 20ms (Views: 17.6ms | ActiveRecord: 0.3ms)


Started POST "/books" for 127.0.0.1 at 2018-05-22 09:59:41 -0400
Processing by BooksController#create as HTML
  Parameters: {"utf8"=>"✓", "authenticity_token"=>"f2OAg6t2EA9vZare4n2utGD1KGS44T67lTiBEhgF9hUOwjg4qxKzqs05LLuzJScv4/1kvqJwooHFDHKjEkvIjA==", "book"=>{"title"=>"title", "authors_attributes"=>{"0"=>{"name"=>"dan brown"}}, "url"=>"url", "description"=>"description"}, "commit"=>"Create Book"}
  [1m[35m (0.2ms)[0m  [1m[35mBEGIN[0m
  ↳ app/controllers/books_controller.rb:15
  [1m[36mBook Create (0.3ms)[0m  [1m[32mINSERT INTO "books" ("created_at", "updated_at") VALUES ($1, $2) RETURNING "id"[0m  [["created_at", "2018-05-22 13:59:46.330849"], ["updated_at", "2018-05-22 13:59:46.330849"]]
  ↳ app/controllers/books_controller.rb:15
  [1m[36mAuthor Create (0.3ms)[0m  [1m[32mINSERT INTO "authors" ("name", "created_at", "updated_at") VALUES ($1, $2, $3) RETURNING "id"[0m  [["name", "dan brown"], ["created_at", "2018-05-22 13:59:46.332285"], ["updated_at", "2018-05-22 13:59:46.332285"]]
  ↳ app/controllers/books_controller.rb:15
  [1m[36mBookAuthor Create (0.3ms)[0m  [1m[32mINSERT INTO "book_authors" ("book_id", "author_id", "created_at", "updated_at") VALUES ($1, $2, $3, $4) RETURNING "id"[0m  [["book_id", 2], ["author_id", 2], ["created_at", "2018-05-22 13:59:46.334637"], ["updated_at", "2018-05-22 13:59:46.334637"]]
  ↳ app/controllers/books_controller.rb:15
  [1m[35m (1.9ms)[0m  [1m[35mCOMMIT[0m
  ↳ app/controllers/books_controller.rb:15
Redirected to http://localhost:3000/books/2
Completed 302 Found in 5132ms (ActiveRecord: 3.1ms)


Started GET "/books/2" for 127.0.0.1 at 2018-05-22 09:59:46 -0400
Processing by BooksController#show as HTML
  Parameters: {"id"=>"2"}
  [1m[36mBook Load (0.3ms)[0m  [1m[34mSELECT  "books".* FROM "books" WHERE "books"."id" = $1 LIMIT $2[0m  [["id", 2], ["LIMIT", 1]]
  ↳ app/controllers/books_controller.rb:27
  Rendering books/show.html.erb within layouts/application
  Rendered books/show.html.erb within layouts/application (0.4ms)
Completed 200 OK in 21ms (Views: 17.8ms | ActiveRecord: 0.3ms)


  [1m[36mBook Load (0.3ms)[0m  [1m[34mSELECT  "books".* FROM "books" ORDER BY "books"."id" ASC LIMIT $1[0m  [["LIMIT", 1]]
Started GET "/books/2" for 127.0.0.1 at 2018-05-22 10:03:58 -0400
  [1m[35m (0.4ms)[0m  [1m[34mSELECT "schema_migrations"."version" FROM "schema_migrations" ORDER BY "schema_migrations"."version" ASC[0m
  ↳ /Users/jacob/.rbenv/versions/2.5.0/lib/ruby/gems/2.5.0/gems/activerecord-5.2.0/lib/active_record/log_subscriber.rb:98
Processing by BooksController#show as HTML
  Parameters: {"id"=>"2"}
  [1m[36mBook Load (0.5ms)[0m  [1m[34mSELECT  "books".* FROM "books" WHERE "books"."id" = $1 LIMIT $2[0m  [["id", 2], ["LIMIT", 1]]
  ↳ app/controllers/books_controller.rb:27
  Rendering books/show.html.erb within layouts/application
  Rendered books/show.html.erb within layouts/application (0.6ms)
Completed 200 OK in 189ms (Views: 165.0ms | ActiveRecord: 3.6ms)


Started GET "/books/new" for 127.0.0.1 at 2018-05-22 10:04:03 -0400
Processing by BooksController#new as HTML
  Rendering books/new.html.erb within layouts/application
  Rendered books/new.html.erb within layouts/application (34.8ms)
Completed 200 OK in 56ms (Views: 38.2ms | ActiveRecord: 15.0ms)


Started GET "/books/new" for 127.0.0.1 at 2018-05-22 10:04:22 -0400
Processing by BooksController#new as HTML
  Rendering books/new.html.erb within layouts/application
  Rendered books/new.html.erb within layouts/application (2.2ms)
Completed 200 OK in 23ms (Views: 20.3ms | ActiveRecord: 0.0ms)


Started GET "/books/new" for 127.0.0.1 at 2018-05-22 10:04:23 -0400
Processing by BooksController#new as HTML
  Rendering books/new.html.erb within layouts/application
  Rendered books/new.html.erb within layouts/application (2.3ms)
Completed 200 OK in 34ms (Views: 26.5ms | ActiveRecord: 0.0ms)


Started GET "/books/new" for 127.0.0.1 at 2018-05-22 10:04:25 -0400
Processing by BooksController#new as HTML
  Rendering books/new.html.erb within layouts/application
  Rendered books/new.html.erb within layouts/application (2.2ms)
Completed 200 OK in 23ms (Views: 18.8ms | ActiveRecord: 0.0ms)


Started GET "/books/new" for 127.0.0.1 at 2018-05-22 10:04:45 -0400
  [1m[35m (0.5ms)[0m  [1m[34mSELECT "schema_migrations"."version" FROM "schema_migrations" ORDER BY "schema_migrations"."version" ASC[0m
  ↳ /Users/jacob/.rbenv/versions/2.5.0/lib/ruby/gems/2.5.0/gems/activerecord-5.2.0/lib/active_record/log_subscriber.rb:98
Processing by BooksController#new as HTML
  Rendering books/new.html.erb within layouts/application
  Rendered books/new.html.erb within layouts/application (20.0ms)
Completed 200 OK in 187ms (Views: 162.8ms | ActiveRecord: 6.0ms)


Started GET "/books/new" for 127.0.0.1 at 2018-05-22 10:05:24 -0400
Started GET "/books/new" for 127.0.0.1 at 2018-05-22 10:05:34 -0400
Processing by BooksController#new as HTML
  Rendering books/new.html.erb within layouts/application
  Rendered books/new.html.erb within layouts/application (14.2ms)
Completed 200 OK in 47ms (Views: 28.2ms | ActiveRecord: 8.2ms)


Processing by BooksController#new as HTML
  Rendering books/new.html.erb within layouts/application
  Rendered books/new.html.erb within layouts/application (11.3ms)
Completed 200 OK in 44ms (Views: 27.8ms | ActiveRecord: 5.2ms)


Started GET "/books/new" for 127.0.0.1 at 2018-05-22 10:13:44 -0400
Processing by BooksController#new as HTML
  Rendering books/new.html.erb within layouts/application
  Rendered books/new.html.erb within layouts/application (14.3ms)
Completed 200 OK in 50ms (Views: 32.5ms | ActiveRecord: 8.0ms)


Started GET "/books/new" for 127.0.0.1 at 2018-05-22 10:13:45 -0400
Processing by BooksController#new as HTML
  Rendering books/new.html.erb within layouts/application
  Rendered books/new.html.erb within layouts/application (2.5ms)
Completed 200 OK in 27ms (Views: 23.9ms | ActiveRecord: 0.0ms)


Started GET "/books/" for 127.0.0.1 at 2018-05-22 10:13:47 -0400
Processing by BooksController#index as HTML
  Rendering books/index.html.erb within layouts/application
  [1m[36mBook Load (0.4ms)[0m  [1m[34mSELECT "books".* FROM "books"[0m
  ↳ app/views/books/index.html.erb:12
  Rendered books/index.html.erb within layouts/application (6.0ms)
Completed 500 Internal Server Error in 17ms (ActiveRecord: 0.4ms)


  
ActionView::Template::Error (No route matches {:action=>"edit", :controller=>"books", :id=>nil}, missing required keys: [:id]):
    17:       <td><%= book.url %></td>
    18:       <td><%= book.description %></td>
    19:       <td><%= link_to 'Show', book_path(book) %></td>
    20:       <td><%= link_to 'Edit', edit_book_path(@book) %></td>
    21:     </tr>
    22:   <% end %>
    23: </table>
  
app/views/books/index.html.erb:20:in `block in _app_views_books_index_html_erb__855227386019538484_70125981834060'
app/views/books/index.html.erb:12:in `_app_views_books_index_html_erb__855227386019538484_70125981834060'
Started GET "/books/" for 127.0.0.1 at 2018-05-22 10:14:06 -0400
Processing by BooksController#index as HTML
  Rendering books/index.html.erb within layouts/application
  [1m[36mBook Load (0.3ms)[0m  [1m[34mSELECT "books".* FROM "books"[0m
  ↳ app/views/books/index.html.erb:12
  Rendered books/index.html.erb within layouts/application (1.4ms)
Completed 200 OK in 20ms (Views: 17.1ms | ActiveRecord: 0.3ms)


Started GET "/books/" for 127.0.0.1 at 2018-05-22 10:16:32 -0400
Processing by BooksController#index as HTML
  Rendering books/index.html.erb within layouts/application
  [1m[36mBook Load (0.2ms)[0m  [1m[34mSELECT "books".* FROM "books"[0m
  ↳ app/views/books/index.html.erb:12
  Rendered books/index.html.erb within layouts/application (7.5ms)
Completed 200 OK in 31ms (Views: 24.1ms | ActiveRecord: 2.5ms)


Started GET "/books/" for 127.0.0.1 at 2018-05-22 10:16:40 -0400
Processing by BooksController#index as HTML
  Rendering books/index.html.erb within layouts/application
  [1m[36mBook Load (0.3ms)[0m  [1m[34mSELECT "books".* FROM "books"[0m
  ↳ app/views/books/index.html.erb:12
  Rendered books/index.html.erb within layouts/application (1.7ms)
Completed 200 OK in 20ms (Views: 16.9ms | ActiveRecord: 0.3ms)


Started GET "/books/" for 127.0.0.1 at 2018-05-22 10:16:59 -0400
Processing by BooksController#index as HTML
  Rendering books/index.html.erb within layouts/application
  [1m[36mBook Load (0.3ms)[0m  [1m[34mSELECT "books".* FROM "books"[0m
  ↳ app/views/books/index.html.erb:12
  Rendered books/index.html.erb within layouts/application (2.0ms)
Completed 200 OK in 20ms (Views: 18.0ms | ActiveRecord: 0.3ms)


Started GET "/books/" for 127.0.0.1 at 2018-05-22 10:17:10 -0400
Processing by BooksController#index as HTML
  Rendering books/index.html.erb within layouts/application
  [1m[36mBook Load (0.3ms)[0m  [1m[34mSELECT "books".* FROM "books"[0m
  ↳ app/views/books/index.html.erb:12
  Rendered books/index.html.erb within layouts/application (1.7ms)
Completed 200 OK in 18ms (Views: 16.1ms | ActiveRecord: 0.3ms)


Started GET "/books/new" for 127.0.0.1 at 2018-05-22 10:19:48 -0400
Processing by BooksController#new as HTML
  Rendering books/new.html.erb within layouts/application
  Rendered books/new.html.erb within layouts/application (26.5ms)
Completed 200 OK in 50ms (Views: 43.6ms | ActiveRecord: 4.8ms)


Started GET "/books/new" for 127.0.0.1 at 2018-05-22 10:23:55 -0400
Processing by BooksController#new as HTML
  Rendering books/new.html.erb within layouts/application
  Rendered books/new.html.erb within layouts/application (11.1ms)
Completed 200 OK in 38ms (Views: 22.8ms | ActiveRecord: 5.6ms)


Started POST "/books" for 127.0.0.1 at 2018-05-22 10:25:19 -0400
Processing by BooksController#create as HTML
  Parameters: {"utf8"=>"✓", "authenticity_token"=>"TCLUJRqz9/tJDNxA2WjGl1fQ0l+9xsTwnv1DT0bNbJ09g2yeGtdUXutQWiWIME8M1NiehadXWMrOybD+TINSBA==", "book"=>{"title"=>"", "authors_attributes"=>{"0"=>{"name"=>""}}, "url"=>"", "description"=>""}, "commit"=>"Create Book"}
  [1m[35m (0.2ms)[0m  [1m[35mBEGIN[0m
  ↳ app/controllers/books_controller.rb:14
  [1m[35m (0.1ms)[0m  [1m[31mROLLBACK[0m
  ↳ app/controllers/books_controller.rb:14
  Rendering books/new.html.erb within layouts/application
  Rendered books/new.html.erb within layouts/application (3.7ms)
Completed 200 OK in 28ms (Views: 18.2ms | ActiveRecord: 1.4ms)


Started POST "/books" for 127.0.0.1 at 2018-05-22 10:25:49 -0400
Processing by BooksController#create as HTML
  Parameters: {"utf8"=>"✓", "authenticity_token"=>"F3MV70nFI3co8A72NFkoZX8dVe/flkECW29lOlx+0VRm0q1USaGA0oqsiJNlAaH+/BUZNcUH3TgLW5aLVjDvzQ==", "book"=>{"title"=>"Look Homeward Angel", "authors_attributes"=>{"0"=>{"name"=>"Thomas Wolfe"}}, "url"=>"www.google.com", "description"=>"A great story about going west."}, "commit"=>"Create Book"}
  [1m[35m (1.6ms)[0m  [1m[35mBEGIN[0m
  ↳ app/controllers/books_controller.rb:14
  [1m[36mBook Create (0.9ms)[0m  [1m[32mINSERT INTO "books" ("created_at", "updated_at") VALUES ($1, $2) RETURNING "id"[0m  [["created_at", "2018-05-22 14:25:49.508127"], ["updated_at", "2018-05-22 14:25:49.508127"]]
  ↳ app/controllers/books_controller.rb:14
  [1m[36mAuthor Create (1.0ms)[0m  [1m[32mINSERT INTO "authors" ("name", "created_at", "updated_at") VALUES ($1, $2, $3) RETURNING "id"[0m  [["name", "Thomas Wolfe"], ["created_at", "2018-05-22 14:25:49.511486"], ["updated_at", "2018-05-22 14:25:49.511486"]]
  ↳ app/controllers/books_controller.rb:14
  [1m[36mBookAuthor Create (0.4ms)[0m  [1m[32mINSERT INTO "book_authors" ("book_id", "author_id", "created_at", "updated_at") VALUES ($1, $2, $3, $4) RETURNING "id"[0m  [["book_id", 3], ["author_id", 3], ["created_at", "2018-05-22 14:25:49.526614"], ["updated_at", "2018-05-22 14:25:49.526614"]]
  ↳ app/controllers/books_controller.rb:14
  [1m[35m (1.1ms)[0m  [1m[35mCOMMIT[0m
  ↳ app/controllers/books_controller.rb:14
Redirected to http://localhost:3000/books/3
Completed 302 Found in 28ms (ActiveRecord: 8.1ms)


Started GET "/books/3" for 127.0.0.1 at 2018-05-22 10:25:49 -0400
Processing by BooksController#show as HTML
  Parameters: {"id"=>"3"}
  [1m[36mBook Load (0.2ms)[0m  [1m[34mSELECT  "books".* FROM "books" WHERE "books"."id" = $1 LIMIT $2[0m  [["id", 3], ["LIMIT", 1]]
  ↳ app/controllers/books_controller.rb:44
  Rendering books/show.html.erb within layouts/application
  Rendered books/show.html.erb within layouts/application (0.4ms)
Completed 200 OK in 21ms (Views: 15.6ms | ActiveRecord: 0.4ms)


Started GET "/books/3" for 127.0.0.1 at 2018-05-22 10:26:44 -0400
Processing by BooksController#show as HTML
  Parameters: {"id"=>"3"}
  [1m[36mBook Load (0.3ms)[0m  [1m[34mSELECT  "books".* FROM "books" WHERE "books"."id" = $1 LIMIT $2[0m  [["id", 3], ["LIMIT", 1]]
  ↳ app/controllers/books_controller.rb:44
  Rendering books/show.html.erb within layouts/application
  Rendered books/show.html.erb within layouts/application (0.3ms)
Completed 200 OK in 21ms (Views: 17.0ms | ActiveRecord: 0.3ms)


Started GET "/books/3" for 127.0.0.1 at 2018-05-22 10:27:04 -0400
Processing by BooksController#show as HTML
  Parameters: {"id"=>"3"}
  [1m[36mBook Load (0.3ms)[0m  [1m[34mSELECT  "books".* FROM "books" WHERE "books"."id" = $1 LIMIT $2[0m  [["id", 3], ["LIMIT", 1]]
  ↳ app/controllers/books_controller.rb:44
  Rendering books/show.html.erb within layouts/application
  Rendered books/show.html.erb within layouts/application (0.3ms)
Completed 200 OK in 26ms (Views: 23.0ms | ActiveRecord: 0.3ms)


Started GET "/books/3" for 127.0.0.1 at 2018-05-22 10:27:05 -0400
Processing by BooksController#show as HTML
  Parameters: {"id"=>"3"}
  [1m[36mBook Load (0.6ms)[0m  [1m[34mSELECT  "books".* FROM "books" WHERE "books"."id" = $1 LIMIT $2[0m  [["id", 3], ["LIMIT", 1]]
  ↳ app/controllers/books_controller.rb:44
  Rendering books/show.html.erb within layouts/application
  Rendered books/show.html.erb within layouts/application (0.6ms)
Completed 200 OK in 22ms (Views: 17.5ms | ActiveRecord: 0.6ms)


Started GET "/books" for 127.0.0.1 at 2018-05-22 10:27:05 -0400
Processing by BooksController#index as HTML
  Rendering books/index.html.erb within layouts/application
  [1m[36mBook Load (0.4ms)[0m  [1m[34mSELECT "books".* FROM "books"[0m
  ↳ app/views/books/index.html.erb:12
  Rendered books/index.html.erb within layouts/application (2.1ms)
Completed 200 OK in 25ms (Views: 21.7ms | ActiveRecord: 0.4ms)


Started GET "/books" for 127.0.0.1 at 2018-05-22 10:27:52 -0400
Processing by BooksController#index as HTML
  Rendering books/index.html.erb within layouts/application
  [1m[36mBook Load (0.3ms)[0m  [1m[34mSELECT "books".* FROM "books"[0m
  ↳ app/views/books/index.html.erb:12
  Rendered books/index.html.erb within layouts/application (1.7ms)
Completed 200 OK in 20ms (Views: 18.0ms | ActiveRecord: 0.3ms)


Started GET "/books/new" for 127.0.0.1 at 2018-05-22 10:28:03 -0400
Processing by BooksController#new as HTML
  Rendering books/new.html.erb within layouts/application
  Rendered books/new.html.erb within layouts/application (3.4ms)
Completed 200 OK in 30ms (Views: 27.0ms | ActiveRecord: 0.0ms)


Started GET "/books" for 127.0.0.1 at 2018-05-22 10:28:06 -0400
Processing by BooksController#index as HTML
  Rendering books/index.html.erb within layouts/application
  [1m[36mBook Load (2.9ms)[0m  [1m[34mSELECT "books".* FROM "books"[0m
  ↳ app/views/books/index.html.erb:12
  Rendered books/index.html.erb within layouts/application (5.5ms)
Completed 200 OK in 35ms (Views: 27.6ms | ActiveRecord: 2.9ms)


Started GET "/books/1" for 127.0.0.1 at 2018-05-22 10:28:08 -0400
Processing by BooksController#show as HTML
  Parameters: {"id"=>"1"}
  [1m[36mBook Load (0.4ms)[0m  [1m[34mSELECT  "books".* FROM "books" WHERE "books"."id" = $1 LIMIT $2[0m  [["id", 1], ["LIMIT", 1]]
  ↳ app/controllers/books_controller.rb:44
  Rendering books/show.html.erb within layouts/application
  Rendered books/show.html.erb within layouts/application (0.4ms)
Completed 200 OK in 27ms (Views: 22.6ms | ActiveRecord: 0.4ms)


Started GET "/books" for 127.0.0.1 at 2018-05-22 10:28:21 -0400
Processing by BooksController#index as HTML
  Rendering books/index.html.erb within layouts/application
  [1m[36mBook Load (0.3ms)[0m  [1m[34mSELECT "books".* FROM "books"[0m
  ↳ app/views/books/index.html.erb:12
  Rendered books/index.html.erb within layouts/application (1.8ms)
Completed 200 OK in 22ms (Views: 18.5ms | ActiveRecord: 0.3ms)


Started GET "/books/1" for 127.0.0.1 at 2018-05-22 10:28:22 -0400
Processing by BooksController#show as HTML
  Parameters: {"id"=>"1"}
  [1m[36mBook Load (0.4ms)[0m  [1m[34mSELECT  "books".* FROM "books" WHERE "books"."id" = $1 LIMIT $2[0m  [["id", 1], ["LIMIT", 1]]
  ↳ app/controllers/books_controller.rb:44
  Rendering books/show.html.erb within layouts/application
  Rendered books/show.html.erb within layouts/application (0.6ms)
Completed 200 OK in 34ms (Views: 27.7ms | ActiveRecord: 0.4ms)


Started GET "/books/1" for 127.0.0.1 at 2018-05-22 10:28:24 -0400
Processing by BooksController#show as HTML
  Parameters: {"id"=>"1"}
  [1m[36mBook Load (0.3ms)[0m  [1m[34mSELECT  "books".* FROM "books" WHERE "books"."id" = $1 LIMIT $2[0m  [["id", 1], ["LIMIT", 1]]
  ↳ app/controllers/books_controller.rb:44
  Rendering books/show.html.erb within layouts/application
  Rendered books/show.html.erb within layouts/application (0.5ms)
Completed 200 OK in 33ms (Views: 29.4ms | ActiveRecord: 0.3ms)


Started GET "/books/1" for 127.0.0.1 at 2018-05-22 10:28:25 -0400
Processing by BooksController#show as HTML
  Parameters: {"id"=>"1"}
  [1m[36mBook Load (0.2ms)[0m  [1m[34mSELECT  "books".* FROM "books" WHERE "books"."id" = $1 LIMIT $2[0m  [["id", 1], ["LIMIT", 1]]
  ↳ app/controllers/books_controller.rb:44
  Rendering books/show.html.erb within layouts/application
  Rendered books/show.html.erb within layouts/application (1.0ms)
Completed 200 OK in 28ms (Views: 24.8ms | ActiveRecord: 0.2ms)


Started GET "/books/1" for 127.0.0.1 at 2018-05-22 10:28:25 -0400
Processing by BooksController#show as HTML
  Parameters: {"id"=>"1"}
  [1m[36mBook Load (0.3ms)[0m  [1m[34mSELECT  "books".* FROM "books" WHERE "books"."id" = $1 LIMIT $2[0m  [["id", 1], ["LIMIT", 1]]
  ↳ app/controllers/books_controller.rb:44
  Rendering books/show.html.erb within layouts/application
  Rendered books/show.html.erb within layouts/application (0.7ms)
Completed 200 OK in 28ms (Views: 23.6ms | ActiveRecord: 0.3ms)


Started GET "/books/1" for 127.0.0.1 at 2018-05-22 10:28:26 -0400
Processing by BooksController#show as HTML
  Parameters: {"id"=>"1"}
  [1m[36mBook Load (0.3ms)[0m  [1m[34mSELECT  "books".* FROM "books" WHERE "books"."id" = $1 LIMIT $2[0m  [["id", 1], ["LIMIT", 1]]
  ↳ app/controllers/books_controller.rb:44
  Rendering books/show.html.erb within layouts/application
  Rendered books/show.html.erb within layouts/application (1.4ms)
Completed 200 OK in 31ms (Views: 26.6ms | ActiveRecord: 0.3ms)


Started GET "/books" for 127.0.0.1 at 2018-05-22 10:28:31 -0400
Processing by BooksController#index as HTML
  Rendering books/index.html.erb within layouts/application
  [1m[36mBook Load (0.3ms)[0m  [1m[34mSELECT "books".* FROM "books"[0m
  ↳ app/views/books/index.html.erb:12
  Rendered books/index.html.erb within layouts/application (1.9ms)
Completed 200 OK in 25ms (Views: 19.1ms | ActiveRecord: 0.3ms)


Started GET "/books/3" for 127.0.0.1 at 2018-05-22 10:28:32 -0400
Processing by BooksController#show as HTML
  Parameters: {"id"=>"3"}
  [1m[36mBook Load (0.3ms)[0m  [1m[34mSELECT  "books".* FROM "books" WHERE "books"."id" = $1 LIMIT $2[0m  [["id", 3], ["LIMIT", 1]]
  ↳ app/controllers/books_controller.rb:44
  Rendering books/show.html.erb within layouts/application
  Rendered books/show.html.erb within layouts/application (1.2ms)
Completed 200 OK in 27ms (Views: 23.2ms | ActiveRecord: 0.3ms)


Started GET "/books" for 127.0.0.1 at 2018-05-22 10:28:33 -0400
Processing by BooksController#index as HTML
  Rendering books/index.html.erb within layouts/application
  [1m[36mBook Load (0.3ms)[0m  [1m[34mSELECT "books".* FROM "books"[0m
  ↳ app/views/books/index.html.erb:12
  Rendered books/index.html.erb within layouts/application (2.8ms)
Completed 200 OK in 35ms (Views: 29.1ms | ActiveRecord: 0.3ms)


Started GET "/books/new" for 127.0.0.1 at 2018-05-22 10:28:40 -0400
Processing by BooksController#new as HTML
  Rendering books/new.html.erb within layouts/application
  Rendered books/new.html.erb within layouts/application (4.0ms)
Completed 200 OK in 27ms (Views: 23.6ms | ActiveRecord: 0.0ms)


Started GET "/books" for 127.0.0.1 at 2018-05-22 10:29:07 -0400
Processing by BooksController#index as HTML
  Rendering books/index.html.erb within layouts/application
  [1m[36mBook Load (0.3ms)[0m  [1m[34mSELECT "books".* FROM "books"[0m
  ↳ app/views/books/index.html.erb:12
  Rendered books/index.html.erb within layouts/application (2.1ms)
Completed 200 OK in 31ms (Views: 28.3ms | ActiveRecord: 0.3ms)


